spark@spark:~/kafka$ bin/zookeeper-server-start.sh config/zookeeper.properties &
[1] 13109
spark@spark:~/kafka$ [2017-07-10 15:39:03,077] INFO Reading configuration from: config/zookeeper.properties (org.apache.zookeeper.server.quorum.QuorumPeerConfig)
[2017-07-10 15:39:03,082] INFO autopurge.snapRetainCount set to 3 (org.apache.zookeeper.server.DatadirCleanupManager)
[2017-07-10 15:39:03,082] INFO autopurge.purgeInterval set to 0 (org.apache.zookeeper.server.DatadirCleanupManager)
[2017-07-10 15:39:03,082] INFO Purge task is not scheduled. (org.apache.zookeeper.server.DatadirCleanupManager)
[2017-07-10 15:39:03,082] WARN Either no config or no quorum defined in config, running  in standalone mode (org.apache.zookeeper.server.quorum.QuorumPeerMain)
[2017-07-10 15:39:03,120] INFO Reading configuration from: config/zookeeper.properties (org.apache.zookeeper.server.quorum.QuorumPeerConfig)
[2017-07-10 15:39:03,121] INFO Starting server (org.apache.zookeeper.server.ZooKeeperServerMain)
[2017-07-10 15:39:03,142] INFO Server environment:zookeeper.version=3.4.10-39d3a4f269333c922ed3db283be479f9deacaa0f, built on 03/23/2017 10:13 GMT (org.apache.zookeeper.server.ZooKeeperServer)
[2017-07-10 15:39:03,142] INFO Server environment:host.name=spark (org.apache.zookeeper.server.ZooKeeperServer)
[2017-07-10 15:39:03,142] INFO Server environment:java.version=1.8.0_131 (org.apache.zookeeper.server.ZooKeeperServer)
[2017-07-10 15:39:03,142] INFO Server environment:java.vendor=Oracle Corporation (org.apache.zookeeper.server.ZooKeeperServer)
[2017-07-10 15:39:03,142] INFO Server environment:java.home=/usr/lib/jvm/java-8-oracle/jre (org.apache.zookeeper.server.ZooKeeperServer)
[2017-07-10 15:39:03,142] INFO Server environment:java.class.path=:/home/spark/kafka/bin/../libs/aopalliance-repackaged-2.5.0-b05.jar:/home/spark/kafka/bin/../libs/argparse4j-0.7.0.jar:/home/spark/kafka/bin/../libs/commons-lang3-3.5.jar:/home/spark/kafka/bin/../libs/connect-api-0.11.0.0.jar:/home/spark/kafka/bin/../libs/connect-file-0.11.0.0.jar:/home/spark/kafka/bin/../libs/connect-json-0.11.0.0.jar:/home/spark/kafka/bin/../libs/connect-runtime-0.11.0.0.jar:/home/spark/kafka/bin/../libs/connect-transforms-0.11.0.0.jar:/home/spark/kafka/bin/../libs/guava-20.0.jar:/home/spark/kafka/bin/../libs/hk2-api-2.5.0-b05.jar:/home/spark/kafka/bin/../libs/hk2-locator-2.5.0-b05.jar:/home/spark/kafka/bin/../libs/hk2-utils-2.5.0-b05.jar:/home/spark/kafka/bin/../libs/jackson-annotations-2.8.5.jar:/home/spark/kafka/bin/../libs/jackson-core-2.8.5.jar:/home/spark/kafka/bin/../libs/jackson-databind-2.8.5.jar:/home/spark/kafka/bin/../libs/jackson-jaxrs-base-2.8.5.jar:/home/spark/kafka/bin/../libs/jackson-jaxrs-json-provider-2.8.5.jar:/home/spark/kafka/bin/../libs/jackson-module-jaxb-annotations-2.8.5.jar:/home/spark/kafka/bin/../libs/javassist-3.21.0-GA.jar:/home/spark/kafka/bin/../libs/javax.annotation-api-1.2.jar:/home/spark/kafka/bin/../libs/javax.inject-1.jar:/home/spark/kafka/bin/../libs/javax.inject-2.5.0-b05.jar:/home/spark/kafka/bin/../libs/javax.servlet-api-3.1.0.jar:/home/spark/kafka/bin/../libs/javax.ws.rs-api-2.0.1.jar:/home/spark/kafka/bin/../libs/jersey-client-2.24.jar:/home/spark/kafka/bin/../libs/jersey-common-2.24.jar:/home/spark/kafka/bin/../libs/jersey-container-servlet-2.24.jar:/home/spark/kafka/bin/../libs/jersey-container-servlet-core-2.24.jar:/home/spark/kafka/bin/../libs/jersey-guava-2.24.jar:/home/spark/kafka/bin/../libs/jersey-media-jaxb-2.24.jar:/home/spark/kafka/bin/../libs/jersey-server-2.24.jar:/home/spark/kafka/bin/../libs/jetty-continuation-9.2.15.v20160210.jar:/home/spark/kafka/bin/../libs/jetty-http-9.2.15.v20160210.jar:/home/spark/kafka/bin/../libs/jetty-io-9.2.15.v20160210.jar:/home/spark/kafka/bin/../libs/jetty-security-9.2.15.v20160210.jar:/home/spark/kafka/bin/../libs/jetty-server-9.2.15.v20160210.jar:/home/spark/kafka/bin/../libs/jetty-servlet-9.2.15.v20160210.jar:/home/spark/kafka/bin/../libs/jetty-servlets-9.2.15.v20160210.jar:/home/spark/kafka/bin/../libs/jetty-util-9.2.15.v20160210.jar:/home/spark/kafka/bin/../libs/jopt-simple-5.0.3.jar:/home/spark/kafka/bin/../libs/kafka_2.11-0.11.0.0.jar:/home/spark/kafka/bin/../libs/kafka_2.11-0.11.0.0-sources.jar:/home/spark/kafka/bin/../libs/kafka_2.11-0.11.0.0-test-sources.jar:/home/spark/kafka/bin/../libs/kafka-clients-0.11.0.0.jar:/home/spark/kafka/bin/../libs/kafka-log4j-appender-0.11.0.0.jar:/home/spark/kafka/bin/../libs/kafka-streams-0.11.0.0.jar:/home/spark/kafka/bin/../libs/kafka-streams-examples-0.11.0.0.jar:/home/spark/kafka/bin/../libs/kafka-tools-0.11.0.0.jar:/home/spark/kafka/bin/../libs/log4j-1.2.17.jar:/home/spark/kafka/bin/../libs/lz4-1.3.0.jar:/home/spark/kafka/bin/../libs/maven-artifact-3.5.0.jar:/home/spark/kafka/bin/../libs/metrics-core-2.2.0.jar:/home/spark/kafka/bin/../libs/osgi-resource-locator-1.0.1.jar:/home/spark/kafka/bin/../libs/plexus-utils-3.0.24.jar:/home/spark/kafka/bin/../libs/reflections-0.9.11.jar:/home/spark/kafka/bin/../libs/rocksdbjni-5.0.1.jar:/home/spark/kafka/bin/../libs/scala-library-2.11.11.jar:/home/spark/kafka/bin/../libs/scala-parser-combinators_2.11-1.0.4.jar:/home/spark/kafka/bin/../libs/slf4j-api-1.7.25.jar:/home/spark/kafka/bin/../libs/slf4j-log4j12-1.7.25.jar:/home/spark/kafka/bin/../libs/snappy-java-1.1.2.6.jar:/home/spark/kafka/bin/../libs/validation-api-1.1.0.Final.jar:/home/spark/kafka/bin/../libs/zkclient-0.10.jar:/home/spark/kafka/bin/../libs/zookeeper-3.4.10.jar (org.apache.zookeeper.server.ZooKeeperServer)
[2017-07-10 15:39:03,143] INFO Server environment:java.library.path=/usr/java/packages/lib/amd64:/usr/lib64:/lib64:/lib:/usr/lib (org.apache.zookeeper.server.ZooKeeperServer)
[2017-07-10 15:39:03,143] INFO Server environment:java.io.tmpdir=/tmp (org.apache.zookeeper.server.ZooKeeperServer)
[2017-07-10 15:39:03,143] INFO Server environment:java.compiler=<NA> (org.apache.zookeeper.server.ZooKeeperServer)
[2017-07-10 15:39:03,143] INFO Server environment:os.name=Linux (org.apache.zookeeper.server.ZooKeeperServer)
[2017-07-10 15:39:03,143] INFO Server environment:os.arch=amd64 (org.apache.zookeeper.server.ZooKeeperServer)
[2017-07-10 15:39:03,143] INFO Server environment:os.version=4.10.0-26-generic (org.apache.zookeeper.server.ZooKeeperServer)
[2017-07-10 15:39:03,143] INFO Server environment:user.name=spark (org.apache.zookeeper.server.ZooKeeperServer)
[2017-07-10 15:39:03,144] INFO Server environment:user.home=/home/spark (org.apache.zookeeper.server.ZooKeeperServer)
[2017-07-10 15:39:03,152] INFO Server environment:user.dir=/home/spark/kafka (org.apache.zookeeper.server.ZooKeeperServer)
[2017-07-10 15:39:03,164] INFO tickTime set to 3000 (org.apache.zookeeper.server.ZooKeeperServer)
[2017-07-10 15:39:03,164] INFO minSessionTimeout set to -1 (org.apache.zookeeper.server.ZooKeeperServer)
[2017-07-10 15:39:03,164] INFO maxSessionTimeout set to -1 (org.apache.zookeeper.server.ZooKeeperServer)
[2017-07-10 15:39:03,189] INFO binding to port 0.0.0.0/0.0.0.0:2181 (org.apache.zookeeper.server.NIOServerCnxnFactory)

spark@spark:~/kafka$ 
spark@spark:~/kafka$ bin/kafka-server-start.sh config/server.properties &
[2] 13377
spark@spark:~/kafka$ [2017-07-10 15:40:51,135] INFO KafkaConfig values: 
	advertised.host.name = null
	advertised.listeners = null
	advertised.port = null
	alter.config.policy.class.name = null
	authorizer.class.name = 
	auto.create.topics.enable = true
	auto.leader.rebalance.enable = true
	background.threads = 10
	broker.id = 0
	broker.id.generation.enable = true
	broker.rack = null
	compression.type = producer
	connections.max.idle.ms = 600000
	controlled.shutdown.enable = true
	controlled.shutdown.max.retries = 3
	controlled.shutdown.retry.backoff.ms = 5000
	controller.socket.timeout.ms = 30000
	create.topic.policy.class.name = null
	default.replication.factor = 1
	delete.records.purgatory.purge.interval.requests = 1
	delete.topic.enable = true
	fetch.purgatory.purge.interval.requests = 1000
	group.initial.rebalance.delay.ms = 0
	group.max.session.timeout.ms = 300000
	group.min.session.timeout.ms = 6000
	host.name = 
	inter.broker.listener.name = null
	inter.broker.protocol.version = 0.11.0-IV2
	leader.imbalance.check.interval.seconds = 300
	leader.imbalance.per.broker.percentage = 10
	listener.security.protocol.map = SSL:SSL,SASL_PLAINTEXT:SASL_PLAINTEXT,TRACE:TRACE,SASL_SSL:SASL_SSL,PLAINTEXT:PLAINTEXT
	listeners = null
	log.cleaner.backoff.ms = 15000
	log.cleaner.dedupe.buffer.size = 134217728
	log.cleaner.delete.retention.ms = 86400000
	log.cleaner.enable = true
	log.cleaner.io.buffer.load.factor = 0.9
	log.cleaner.io.buffer.size = 524288
	log.cleaner.io.max.bytes.per.second = 1.7976931348623157E308
	log.cleaner.min.cleanable.ratio = 0.5
	log.cleaner.min.compaction.lag.ms = 0
	log.cleaner.threads = 1
	log.cleanup.policy = [delete]
	log.dir = /tmp/kafka-logs
	log.dirs = /tmp/kafka-logs
	log.flush.interval.messages = 9223372036854775807
	log.flush.interval.ms = null
	log.flush.offset.checkpoint.interval.ms = 60000
	log.flush.scheduler.interval.ms = 9223372036854775807
	log.flush.start.offset.checkpoint.interval.ms = 60000
	log.index.interval.bytes = 4096
	log.index.size.max.bytes = 10485760
	log.message.format.version = 0.11.0-IV2
	log.message.timestamp.difference.max.ms = 9223372036854775807
	log.message.timestamp.type = CreateTime
	log.preallocate = false
	log.retention.bytes = -1
	log.retention.check.interval.ms = 300000
	log.retention.hours = 168
	log.retention.minutes = null
	log.retention.ms = null
	log.roll.hours = 168
	log.roll.jitter.hours = 0
	log.roll.jitter.ms = null
	log.roll.ms = null
	log.segment.bytes = 1073741824
	log.segment.delete.delay.ms = 60000
	max.connections.per.ip = 2147483647
	max.connections.per.ip.overrides = 
	message.max.bytes = 1000012
	metric.reporters = []
	metrics.num.samples = 2
	metrics.recording.level = INFO
	metrics.sample.window.ms = 30000
	min.insync.replicas = 1
	num.io.threads = 8
	num.network.threads = 3
	num.partitions = 1
	num.recovery.threads.per.data.dir = 1
	num.replica.fetchers = 1
	offset.metadata.max.bytes = 4096
	offsets.commit.required.acks = -1
	offsets.commit.timeout.ms = 5000
	offsets.load.buffer.size = 5242880
	offsets.retention.check.interval.ms = 600000
	offsets.retention.minutes = 1440
	offsets.topic.compression.codec = 0
	offsets.topic.num.partitions = 50
	offsets.topic.replication.factor = 1
	offsets.topic.segment.bytes = 104857600
	port = 9092
	principal.builder.class = class org.apache.kafka.common.security.auth.DefaultPrincipalBuilder
	producer.purgatory.purge.interval.requests = 1000
	queued.max.requests = 500
	quota.consumer.default = 9223372036854775807
	quota.producer.default = 9223372036854775807
	quota.window.num = 11
	quota.window.size.seconds = 1
	replica.fetch.backoff.ms = 1000
	replica.fetch.max.bytes = 1048576
	replica.fetch.min.bytes = 1
	replica.fetch.response.max.bytes = 10485760
	replica.fetch.wait.max.ms = 500
	replica.high.watermark.checkpoint.interval.ms = 5000
	replica.lag.time.max.ms = 10000
	replica.socket.receive.buffer.bytes = 65536
	replica.socket.timeout.ms = 30000
	replication.quota.window.num = 11
	replication.quota.window.size.seconds = 1
	request.timeout.ms = 30000
	reserved.broker.max.id = 1000
	sasl.enabled.mechanisms = [GSSAPI]
	sasl.kerberos.kinit.cmd = /usr/bin/kinit
	sasl.kerberos.min.time.before.relogin = 60000
	sasl.kerberos.principal.to.local.rules = [DEFAULT]
	sasl.kerberos.service.name = null
	sasl.kerberos.ticket.renew.jitter = 0.05
	sasl.kerberos.ticket.renew.window.factor = 0.8
	sasl.mechanism.inter.broker.protocol = GSSAPI
	security.inter.broker.protocol = PLAINTEXT
	socket.receive.buffer.bytes = 102400
	socket.request.max.bytes = 104857600
	socket.send.buffer.bytes = 102400
	ssl.cipher.suites = null
	ssl.client.auth = none
	ssl.enabled.protocols = [TLSv1.2, TLSv1.1, TLSv1]
	ssl.endpoint.identification.algorithm = null
	ssl.key.password = null
	ssl.keymanager.algorithm = SunX509
	ssl.keystore.location = null
	ssl.keystore.password = null
	ssl.keystore.type = JKS
	ssl.protocol = TLS
	ssl.provider = null
	ssl.secure.random.implementation = null
	ssl.trustmanager.algorithm = PKIX
	ssl.truststore.location = null
	ssl.truststore.password = null
	ssl.truststore.type = JKS
	transaction.abort.timed.out.transaction.cleanup.interval.ms = 60000
	transaction.max.timeout.ms = 900000
	transaction.remove.expired.transaction.cleanup.interval.ms = 3600000
	transaction.state.log.load.buffer.size = 5242880
	transaction.state.log.min.isr = 1
	transaction.state.log.num.partitions = 50
	transaction.state.log.replication.factor = 1
	transaction.state.log.segment.bytes = 104857600
	transactional.id.expiration.ms = 604800000
	unclean.leader.election.enable = false
	zookeeper.connect = localhost:2181
	zookeeper.connection.timeout.ms = 6000
	zookeeper.session.timeout.ms = 6000
	zookeeper.set.acl = false
	zookeeper.sync.time.ms = 2000
 (kafka.server.KafkaConfig)
[2017-07-10 15:40:51,243] INFO starting (kafka.server.KafkaServer)
[2017-07-10 15:40:51,252] INFO Connecting to zookeeper on localhost:2181 (kafka.server.KafkaServer)
[2017-07-10 15:40:51,279] INFO Starting ZkClient event thread. (org.I0Itec.zkclient.ZkEventThread)
[2017-07-10 15:40:51,289] INFO Client environment:zookeeper.version=3.4.10-39d3a4f269333c922ed3db283be479f9deacaa0f, built on 03/23/2017 10:13 GMT (org.apache.zookeeper.ZooKeeper)
[2017-07-10 15:40:51,290] INFO Client environment:host.name=spark (org.apache.zookeeper.ZooKeeper)
[2017-07-10 15:40:51,290] INFO Client environment:java.version=1.8.0_131 (org.apache.zookeeper.ZooKeeper)
[2017-07-10 15:40:51,290] INFO Client environment:java.vendor=Oracle Corporation (org.apache.zookeeper.ZooKeeper)
[2017-07-10 15:40:51,290] INFO Client environment:java.home=/usr/lib/jvm/java-8-oracle/jre (org.apache.zookeeper.ZooKeeper)
[2017-07-10 15:40:51,290] INFO Client environment:java.class.path=:/home/spark/kafka/bin/../libs/aopalliance-repackaged-2.5.0-b05.jar:/home/spark/kafka/bin/../libs/argparse4j-0.7.0.jar:/home/spark/kafka/bin/../libs/commons-lang3-3.5.jar:/home/spark/kafka/bin/../libs/connect-api-0.11.0.0.jar:/home/spark/kafka/bin/../libs/connect-file-0.11.0.0.jar:/home/spark/kafka/bin/../libs/connect-json-0.11.0.0.jar:/home/spark/kafka/bin/../libs/connect-runtime-0.11.0.0.jar:/home/spark/kafka/bin/../libs/connect-transforms-0.11.0.0.jar:/home/spark/kafka/bin/../libs/guava-20.0.jar:/home/spark/kafka/bin/../libs/hk2-api-2.5.0-b05.jar:/home/spark/kafka/bin/../libs/hk2-locator-2.5.0-b05.jar:/home/spark/kafka/bin/../libs/hk2-utils-2.5.0-b05.jar:/home/spark/kafka/bin/../libs/jackson-annotations-2.8.5.jar:/home/spark/kafka/bin/../libs/jackson-core-2.8.5.jar:/home/spark/kafka/bin/../libs/jackson-databind-2.8.5.jar:/home/spark/kafka/bin/../libs/jackson-jaxrs-base-2.8.5.jar:/home/spark/kafka/bin/../libs/jackson-jaxrs-json-provider-2.8.5.jar:/home/spark/kafka/bin/../libs/jackson-module-jaxb-annotations-2.8.5.jar:/home/spark/kafka/bin/../libs/javassist-3.21.0-GA.jar:/home/spark/kafka/bin/../libs/javax.annotation-api-1.2.jar:/home/spark/kafka/bin/../libs/javax.inject-1.jar:/home/spark/kafka/bin/../libs/javax.inject-2.5.0-b05.jar:/home/spark/kafka/bin/../libs/javax.servlet-api-3.1.0.jar:/home/spark/kafka/bin/../libs/javax.ws.rs-api-2.0.1.jar:/home/spark/kafka/bin/../libs/jersey-client-2.24.jar:/home/spark/kafka/bin/../libs/jersey-common-2.24.jar:/home/spark/kafka/bin/../libs/jersey-container-servlet-2.24.jar:/home/spark/kafka/bin/../libs/jersey-container-servlet-core-2.24.jar:/home/spark/kafka/bin/../libs/jersey-guava-2.24.jar:/home/spark/kafka/bin/../libs/jersey-media-jaxb-2.24.jar:/home/spark/kafka/bin/../libs/jersey-server-2.24.jar:/home/spark/kafka/bin/../libs/jetty-continuation-9.2.15.v20160210.jar:/home/spark/kafka/bin/../libs/jetty-http-9.2.15.v20160210.jar:/home/spark/kafka/bin/../libs/jetty-io-9.2.15.v20160210.jar:/home/spark/kafka/bin/../libs/jetty-security-9.2.15.v20160210.jar:/home/spark/kafka/bin/../libs/jetty-server-9.2.15.v20160210.jar:/home/spark/kafka/bin/../libs/jetty-servlet-9.2.15.v20160210.jar:/home/spark/kafka/bin/../libs/jetty-servlets-9.2.15.v20160210.jar:/home/spark/kafka/bin/../libs/jetty-util-9.2.15.v20160210.jar:/home/spark/kafka/bin/../libs/jopt-simple-5.0.3.jar:/home/spark/kafka/bin/../libs/kafka_2.11-0.11.0.0.jar:/home/spark/kafka/bin/../libs/kafka_2.11-0.11.0.0-sources.jar:/home/spark/kafka/bin/../libs/kafka_2.11-0.11.0.0-test-sources.jar:/home/spark/kafka/bin/../libs/kafka-clients-0.11.0.0.jar:/home/spark/kafka/bin/../libs/kafka-log4j-appender-0.11.0.0.jar:/home/spark/kafka/bin/../libs/kafka-streams-0.11.0.0.jar:/home/spark/kafka/bin/../libs/kafka-streams-examples-0.11.0.0.jar:/home/spark/kafka/bin/../libs/kafka-tools-0.11.0.0.jar:/home/spark/kafka/bin/../libs/log4j-1.2.17.jar:/home/spark/kafka/bin/../libs/lz4-1.3.0.jar:/home/spark/kafka/bin/../libs/maven-artifact-3.5.0.jar:/home/spark/kafka/bin/../libs/metrics-core-2.2.0.jar:/home/spark/kafka/bin/../libs/osgi-resource-locator-1.0.1.jar:/home/spark/kafka/bin/../libs/plexus-utils-3.0.24.jar:/home/spark/kafka/bin/../libs/reflections-0.9.11.jar:/home/spark/kafka/bin/../libs/rocksdbjni-5.0.1.jar:/home/spark/kafka/bin/../libs/scala-library-2.11.11.jar:/home/spark/kafka/bin/../libs/scala-parser-combinators_2.11-1.0.4.jar:/home/spark/kafka/bin/../libs/slf4j-api-1.7.25.jar:/home/spark/kafka/bin/../libs/slf4j-log4j12-1.7.25.jar:/home/spark/kafka/bin/../libs/snappy-java-1.1.2.6.jar:/home/spark/kafka/bin/../libs/validation-api-1.1.0.Final.jar:/home/spark/kafka/bin/../libs/zkclient-0.10.jar:/home/spark/kafka/bin/../libs/zookeeper-3.4.10.jar (org.apache.zookeeper.ZooKeeper)
[2017-07-10 15:40:51,291] INFO Client environment:java.library.path=/usr/java/packages/lib/amd64:/usr/lib64:/lib64:/lib:/usr/lib (org.apache.zookeeper.ZooKeeper)
[2017-07-10 15:40:51,291] INFO Client environment:java.io.tmpdir=/tmp (org.apache.zookeeper.ZooKeeper)
[2017-07-10 15:40:51,291] INFO Client environment:java.compiler=<NA> (org.apache.zookeeper.ZooKeeper)
[2017-07-10 15:40:51,291] INFO Client environment:os.name=Linux (org.apache.zookeeper.ZooKeeper)
[2017-07-10 15:40:51,291] INFO Client environment:os.arch=amd64 (org.apache.zookeeper.ZooKeeper)
[2017-07-10 15:40:51,291] INFO Client environment:os.version=4.10.0-26-generic (org.apache.zookeeper.ZooKeeper)
[2017-07-10 15:40:51,291] INFO Client environment:user.name=spark (org.apache.zookeeper.ZooKeeper)
[2017-07-10 15:40:51,291] INFO Client environment:user.home=/home/spark (org.apache.zookeeper.ZooKeeper)
[2017-07-10 15:40:51,291] INFO Client environment:user.dir=/home/spark/kafka (org.apache.zookeeper.ZooKeeper)
[2017-07-10 15:40:51,293] INFO Initiating client connection, connectString=localhost:2181 sessionTimeout=6000 watcher=org.I0Itec.zkclient.ZkClient@158da8e (org.apache.zookeeper.ZooKeeper)
[2017-07-10 15:40:51,323] INFO Waiting for keeper state SyncConnected (org.I0Itec.zkclient.ZkClient)
[2017-07-10 15:40:51,327] INFO Opening socket connection to server localhost/0:0:0:0:0:0:0:1:2181. Will not attempt to authenticate using SASL (unknown error) (org.apache.zookeeper.ClientCnxn)
[2017-07-10 15:40:51,343] INFO Accepted socket connection from /0:0:0:0:0:0:0:1:60030 (org.apache.zookeeper.server.NIOServerCnxnFactory)
[2017-07-10 15:40:51,349] INFO Socket connection established to localhost/0:0:0:0:0:0:0:1:2181, initiating session (org.apache.zookeeper.ClientCnxn)
[2017-07-10 15:40:51,358] INFO Client attempting to establish new session at /0:0:0:0:0:0:0:1:60030 (org.apache.zookeeper.server.ZooKeeperServer)
[2017-07-10 15:40:51,360] INFO Creating new log file: log.22e (org.apache.zookeeper.server.persistence.FileTxnLog)
[2017-07-10 15:40:51,425] INFO Established session 0x15d2e70fe1f0000 with negotiated timeout 6000 for client /0:0:0:0:0:0:0:1:60030 (org.apache.zookeeper.server.ZooKeeperServer)
[2017-07-10 15:40:51,429] INFO Session establishment complete on server localhost/0:0:0:0:0:0:0:1:2181, sessionid = 0x15d2e70fe1f0000, negotiated timeout = 6000 (org.apache.zookeeper.ClientCnxn)
[2017-07-10 15:40:51,432] INFO zookeeper state changed (SyncConnected) (org.I0Itec.zkclient.ZkClient)
[2017-07-10 15:40:51,688] INFO Cluster ID = lYNczt86TBCbn5uUIDxZVw (kafka.server.KafkaServer)
[2017-07-10 15:40:51,747] INFO [ThrottledRequestReaper-Fetch]: Starting (kafka.server.ClientQuotaManager$ThrottledRequestReaper)
[2017-07-10 15:40:51,749] INFO [ThrottledRequestReaper-Request]: Starting (kafka.server.ClientQuotaManager$ThrottledRequestReaper)
[2017-07-10 15:40:51,756] INFO [ThrottledRequestReaper-Produce]: Starting (kafka.server.ClientQuotaManager$ThrottledRequestReaper)
[2017-07-10 15:40:51,890] INFO Loading logs. (kafka.log.LogManager)
[2017-07-10 15:40:51,996] INFO Loading producer state from offset 0 for partition __consumer_offsets-7 with message format version 2 (kafka.log.Log)
[2017-07-10 15:40:52,016] INFO Completed load of log __consumer_offsets-7 with 1 log segments, log start offset 0 and log end offset 0 in 70 ms (kafka.log.Log)
[2017-07-10 15:40:52,043] INFO Loading producer state from offset 0 for partition __consumer_offsets-5 with message format version 2 (kafka.log.Log)
[2017-07-10 15:40:52,044] INFO Completed load of log __consumer_offsets-5 with 1 log segments, log start offset 0 and log end offset 0 in 3 ms (kafka.log.Log)
[2017-07-10 15:40:52,059] INFO Loading producer state from offset 0 for partition __consumer_offsets-21 with message format version 2 (kafka.log.Log)
[2017-07-10 15:40:52,061] INFO Completed load of log __consumer_offsets-21 with 1 log segments, log start offset 0 and log end offset 0 in 4 ms (kafka.log.Log)
[2017-07-10 15:40:52,083] INFO Loading producer state from offset 0 for partition __consumer_offsets-47 with message format version 2 (kafka.log.Log)
[2017-07-10 15:40:52,085] INFO Completed load of log __consumer_offsets-47 with 1 log segments, log start offset 0 and log end offset 0 in 7 ms (kafka.log.Log)
[2017-07-10 15:40:52,122] INFO Loading producer state from offset 9 for partition __consumer_offsets-0 with message format version 2 (kafka.log.Log)
[2017-07-10 15:40:52,137] INFO Loading producer state from snapshot file 00000000000000000009.snapshot for partition __consumer_offsets-0 (kafka.log.ProducerStateManager)
[2017-07-10 15:40:52,176] INFO Completed load of log __consumer_offsets-0 with 1 log segments, log start offset 0 and log end offset 9 in 74 ms (kafka.log.Log)
[2017-07-10 15:40:52,193] INFO Loading producer state from offset 0 for partition __consumer_offsets-4 with message format version 2 (kafka.log.Log)
[2017-07-10 15:40:52,195] INFO Completed load of log __consumer_offsets-4 with 1 log segments, log start offset 0 and log end offset 0 in 4 ms (kafka.log.Log)
[2017-07-10 15:40:52,216] INFO Loading producer state from offset 0 for partition __consumer_offsets-8 with message format version 2 (kafka.log.Log)
[2017-07-10 15:40:52,217] INFO Completed load of log __consumer_offsets-8 with 1 log segments, log start offset 0 and log end offset 0 in 9 ms (kafka.log.Log)
[2017-07-10 15:40:52,227] INFO Loading producer state from offset 0 for partition __consumer_offsets-10 with message format version 2 (kafka.log.Log)
[2017-07-10 15:40:52,229] INFO Completed load of log __consumer_offsets-10 with 1 log segments, log start offset 0 and log end offset 0 in 5 ms (kafka.log.Log)
[2017-07-10 15:40:52,244] INFO Loading producer state from offset 0 for partition __consumer_offsets-30 with message format version 2 (kafka.log.Log)
[2017-07-10 15:40:52,245] INFO Completed load of log __consumer_offsets-30 with 1 log segments, log start offset 0 and log end offset 0 in 3 ms (kafka.log.Log)
[2017-07-10 15:40:52,268] INFO Loading producer state from offset 0 for partition __consumer_offsets-14 with message format version 2 (kafka.log.Log)
[2017-07-10 15:40:52,269] INFO Completed load of log __consumer_offsets-14 with 1 log segments, log start offset 0 and log end offset 0 in 3 ms (kafka.log.Log)
[2017-07-10 15:40:52,281] INFO Loading producer state from offset 0 for partition __consumer_offsets-17 with message format version 2 (kafka.log.Log)
[2017-07-10 15:40:52,283] INFO Completed load of log __consumer_offsets-17 with 1 log segments, log start offset 0 and log end offset 0 in 4 ms (kafka.log.Log)
[2017-07-10 15:40:52,309] INFO Loading producer state from offset 0 for partition __consumer_offsets-42 with message format version 2 (kafka.log.Log)
[2017-07-10 15:40:52,313] INFO Completed load of log __consumer_offsets-42 with 1 log segments, log start offset 0 and log end offset 0 in 12 ms (kafka.log.Log)
[2017-07-10 15:40:52,329] INFO Loading producer state from offset 0 for partition __consumer_offsets-16 with message format version 2 (kafka.log.Log)
[2017-07-10 15:40:52,332] INFO Completed load of log __consumer_offsets-16 with 1 log segments, log start offset 0 and log end offset 0 in 5 ms (kafka.log.Log)
[2017-07-10 15:40:52,354] INFO Loading producer state from offset 4 for partition __consumer_offsets-6 with message format version 2 (kafka.log.Log)
[2017-07-10 15:40:52,362] INFO Loading producer state from snapshot file 00000000000000000004.snapshot for partition __consumer_offsets-6 (kafka.log.ProducerStateManager)
[2017-07-10 15:40:52,363] INFO Completed load of log __consumer_offsets-6 with 1 log segments, log start offset 0 and log end offset 4 in 19 ms (kafka.log.Log)
[2017-07-10 15:40:52,372] INFO Loading producer state from offset 0 for partition __consumer_offsets-37 with message format version 2 (kafka.log.Log)
[2017-07-10 15:40:52,373] INFO Completed load of log __consumer_offsets-37 with 1 log segments, log start offset 0 and log end offset 0 in 6 ms (kafka.log.Log)
[2017-07-10 15:40:52,382] INFO Loading producer state from offset 0 for partition __consumer_offsets-40 with message format version 2 (kafka.log.Log)
[2017-07-10 15:40:52,383] INFO Completed load of log __consumer_offsets-40 with 1 log segments, log start offset 0 and log end offset 0 in 6 ms (kafka.log.Log)
[2017-07-10 15:40:52,390] INFO Loading producer state from offset 0 for partition __consumer_offsets-19 with message format version 2 (kafka.log.Log)
[2017-07-10 15:40:52,391] INFO Completed load of log __consumer_offsets-19 with 1 log segments, log start offset 0 and log end offset 0 in 3 ms (kafka.log.Log)
[2017-07-10 15:40:52,398] INFO Loading producer state from offset 3 for partition __consumer_offsets-11 with message format version 2 (kafka.log.Log)
[2017-07-10 15:40:52,399] INFO Loading producer state from snapshot file 00000000000000000003.snapshot for partition __consumer_offsets-11 (kafka.log.ProducerStateManager)
[2017-07-10 15:40:52,399] INFO Completed load of log __consumer_offsets-11 with 1 log segments, log start offset 0 and log end offset 3 in 4 ms (kafka.log.Log)
[2017-07-10 15:40:52,405] INFO Loading producer state from offset 0 for partition __consumer_offsets-9 with message format version 2 (kafka.log.Log)
[2017-07-10 15:40:52,406] INFO Completed load of log __consumer_offsets-9 with 1 log segments, log start offset 0 and log end offset 0 in 3 ms (kafka.log.Log)
[2017-07-10 15:40:52,423] INFO Loading producer state from offset 9 for partition __consumer_offsets-22 with message format version 2 (kafka.log.Log)
[2017-07-10 15:40:52,425] INFO Loading producer state from snapshot file 00000000000000000009.snapshot for partition __consumer_offsets-22 (kafka.log.ProducerStateManager)
[2017-07-10 15:40:52,433] INFO Completed load of log __consumer_offsets-22 with 1 log segments, log start offset 0 and log end offset 9 in 18 ms (kafka.log.Log)
[2017-07-10 15:40:52,440] INFO Loading producer state from offset 0 for partition __consumer_offsets-3 with message format version 2 (kafka.log.Log)
[2017-07-10 15:40:52,447] INFO Completed load of log __consumer_offsets-3 with 1 log segments, log start offset 0 and log end offset 0 in 10 ms (kafka.log.Log)
[2017-07-10 15:40:52,463] INFO Loading producer state from offset 0 for partition __consumer_offsets-46 with message format version 2 (kafka.log.Log)
[2017-07-10 15:40:52,464] INFO Completed load of log __consumer_offsets-46 with 1 log segments, log start offset 0 and log end offset 0 in 3 ms (kafka.log.Log)
[2017-07-10 15:40:52,478] INFO Loading producer state from offset 0 for partition __consumer_offsets-33 with message format version 2 (kafka.log.Log)
[2017-07-10 15:40:52,483] INFO Completed load of log __consumer_offsets-33 with 1 log segments, log start offset 0 and log end offset 0 in 15 ms (kafka.log.Log)
[2017-07-10 15:40:52,499] INFO Loading producer state from offset 8 for partition __consumer_offsets-27 with message format version 2 (kafka.log.Log)
[2017-07-10 15:40:52,500] INFO Loading producer state from snapshot file 00000000000000000008.snapshot for partition __consumer_offsets-27 (kafka.log.ProducerStateManager)
[2017-07-10 15:40:52,501] INFO Completed load of log __consumer_offsets-27 with 1 log segments, log start offset 0 and log end offset 8 in 4 ms (kafka.log.Log)
[2017-07-10 15:40:52,512] INFO Loading producer state from offset 0 for partition __consumer_offsets-34 with message format version 2 (kafka.log.Log)
[2017-07-10 15:40:52,517] INFO Completed load of log __consumer_offsets-34 with 1 log segments, log start offset 0 and log end offset 0 in 7 ms (kafka.log.Log)
[2017-07-10 15:40:52,524] INFO Loading producer state from offset 0 for partition __consumer_offsets-12 with message format version 2 (kafka.log.Log)
[2017-07-10 15:40:52,532] INFO Completed load of log __consumer_offsets-12 with 1 log segments, log start offset 0 and log end offset 0 in 9 ms (kafka.log.Log)
[2017-07-10 15:40:52,550] INFO Loading producer state from offset 0 for partition my-topic-0 with message format version 2 (kafka.log.Log)
[2017-07-10 15:40:52,552] INFO Completed load of log my-topic-0.3e9943f37c51478f890b76809f9bcdcd-delete with 1 log segments, log start offset 0 and log end offset 0 in 11 ms (kafka.log.Log)
[2017-07-10 15:40:52,565] INFO Loading producer state from offset 0 for partition __consumer_offsets-1 with message format version 2 (kafka.log.Log)
[2017-07-10 15:40:52,566] INFO Completed load of log __consumer_offsets-1 with 1 log segments, log start offset 0 and log end offset 0 in 9 ms (kafka.log.Log)
[2017-07-10 15:40:52,593] INFO Loading producer state from offset 10 for partition __consumer_offsets-35 with message format version 2 (kafka.log.Log)
[2017-07-10 15:40:52,597] INFO Loading producer state from snapshot file 00000000000000000010.snapshot for partition __consumer_offsets-35 (kafka.log.ProducerStateManager)
[2017-07-10 15:40:52,599] INFO Completed load of log __consumer_offsets-35 with 1 log segments, log start offset 0 and log end offset 10 in 22 ms (kafka.log.Log)
[2017-07-10 15:40:52,621] INFO Loading producer state from offset 4 for partition __consumer_offsets-43 with message format version 2 (kafka.log.Log)
[2017-07-10 15:40:52,623] INFO Loading producer state from snapshot file 00000000000000000004.snapshot for partition __consumer_offsets-43 (kafka.log.ProducerStateManager)
[2017-07-10 15:40:52,625] INFO Completed load of log __consumer_offsets-43 with 1 log segments, log start offset 0 and log end offset 4 in 14 ms (kafka.log.Log)
[2017-07-10 15:40:52,647] INFO Loading producer state from offset 0 for partition __consumer_offsets-13 with message format version 2 (kafka.log.Log)
[2017-07-10 15:40:52,651] INFO Completed load of log __consumer_offsets-13 with 1 log segments, log start offset 0 and log end offset 0 in 10 ms (kafka.log.Log)
[2017-07-10 15:40:52,660] INFO Loading producer state from offset 0 for partition __consumer_offsets-23 with message format version 2 (kafka.log.Log)
[2017-07-10 15:40:52,664] INFO Completed load of log __consumer_offsets-23 with 1 log segments, log start offset 0 and log end offset 0 in 6 ms (kafka.log.Log)
[2017-07-10 15:40:52,679] INFO Loading producer state from offset 0 for partition __consumer_offsets-24 with message format version 2 (kafka.log.Log)
[2017-07-10 15:40:52,680] INFO Completed load of log __consumer_offsets-24 with 1 log segments, log start offset 0 and log end offset 0 in 5 ms (kafka.log.Log)
[2017-07-10 15:40:52,688] INFO Loading producer state from offset 0 for partition __consumer_offsets-15 with message format version 2 (kafka.log.Log)
[2017-07-10 15:40:52,693] INFO Completed load of log __consumer_offsets-15 with 1 log segments, log start offset 0 and log end offset 0 in 7 ms (kafka.log.Log)
[2017-07-10 15:40:52,713] INFO Loading producer state from offset 8 for partition __consumer_offsets-20 with message format version 2 (kafka.log.Log)
[2017-07-10 15:40:52,715] INFO Loading producer state from snapshot file 00000000000000000008.snapshot for partition __consumer_offsets-20 (kafka.log.ProducerStateManager)
[2017-07-10 15:40:52,719] INFO Completed load of log __consumer_offsets-20 with 1 log segments, log start offset 0 and log end offset 8 in 18 ms (kafka.log.Log)
[2017-07-10 15:40:52,729] INFO Loading producer state from offset 0 for partition __consumer_offsets-29 with message format version 2 (kafka.log.Log)
[2017-07-10 15:40:52,731] INFO Completed load of log __consumer_offsets-29 with 1 log segments, log start offset 0 and log end offset 0 in 4 ms (kafka.log.Log)
[2017-07-10 15:40:52,739] INFO Loading producer state from offset 0 for partition __consumer_offsets-49 with message format version 2 (kafka.log.Log)
[2017-07-10 15:40:52,739] INFO Completed load of log __consumer_offsets-49 with 1 log segments, log start offset 0 and log end offset 0 in 3 ms (kafka.log.Log)
[2017-07-10 15:40:52,757] INFO Loading producer state from offset 0 for partition __consumer_offsets-36 with message format version 2 (kafka.log.Log)
[2017-07-10 15:40:52,762] INFO Completed load of log __consumer_offsets-36 with 1 log segments, log start offset 0 and log end offset 0 in 7 ms (kafka.log.Log)
[2017-07-10 15:40:52,772] INFO Loading producer state from offset 0 for partition __consumer_offsets-48 with message format version 2 (kafka.log.Log)
[2017-07-10 15:40:52,773] INFO Completed load of log __consumer_offsets-48 with 1 log segments, log start offset 0 and log end offset 0 in 3 ms (kafka.log.Log)
[2017-07-10 15:40:52,792] INFO Loading producer state from offset 6 for partition __consumer_offsets-45 with message format version 2 (kafka.log.Log)
[2017-07-10 15:40:52,797] INFO Loading producer state from snapshot file 00000000000000000006.snapshot for partition __consumer_offsets-45 (kafka.log.ProducerStateManager)
[2017-07-10 15:40:52,798] INFO Completed load of log __consumer_offsets-45 with 1 log segments, log start offset 0 and log end offset 6 in 18 ms (kafka.log.Log)
[2017-07-10 15:40:52,805] INFO Loading producer state from offset 0 for partition __consumer_offsets-41 with message format version 2 (kafka.log.Log)
[2017-07-10 15:40:52,807] INFO Completed load of log __consumer_offsets-41 with 1 log segments, log start offset 0 and log end offset 0 in 7 ms (kafka.log.Log)
[2017-07-10 15:40:52,812] INFO Loading producer state from offset 0 for partition __consumer_offsets-32 with message format version 2 (kafka.log.Log)
[2017-07-10 15:40:52,821] INFO Completed load of log __consumer_offsets-32 with 1 log segments, log start offset 0 and log end offset 0 in 11 ms (kafka.log.Log)
[2017-07-10 15:40:52,830] INFO Loading producer state from offset 0 for partition __consumer_offsets-38 with message format version 2 (kafka.log.Log)
[2017-07-10 15:40:52,834] INFO Completed load of log __consumer_offsets-38 with 1 log segments, log start offset 0 and log end offset 0 in 6 ms (kafka.log.Log)
[2017-07-10 15:40:52,850] INFO Loading producer state from offset 0 for partition __consumer_offsets-28 with message format version 2 (kafka.log.Log)
[2017-07-10 15:40:52,851] INFO Completed load of log __consumer_offsets-28 with 1 log segments, log start offset 0 and log end offset 0 in 9 ms (kafka.log.Log)
[2017-07-10 15:40:52,879] INFO Loading producer state from offset 9 for partition __consumer_offsets-26 with message format version 2 (kafka.log.Log)
[2017-07-10 15:40:52,881] INFO Loading producer state from snapshot file 00000000000000000009.snapshot for partition __consumer_offsets-26 (kafka.log.ProducerStateManager)
[2017-07-10 15:40:52,885] INFO Completed load of log __consumer_offsets-26 with 1 log segments, log start offset 0 and log end offset 9 in 19 ms (kafka.log.Log)
[2017-07-10 15:40:52,893] INFO Loading producer state from offset 0 for partition __consumer_offsets-25 with message format version 2 (kafka.log.Log)
[2017-07-10 15:40:52,894] INFO Completed load of log __consumer_offsets-25 with 1 log segments, log start offset 0 and log end offset 0 in 3 ms (kafka.log.Log)
[2017-07-10 15:40:52,899] INFO Loading producer state from offset 0 for partition __consumer_offsets-39 with message format version 2 (kafka.log.Log)
[2017-07-10 15:40:52,899] INFO Completed load of log __consumer_offsets-39 with 1 log segments, log start offset 0 and log end offset 0 in 2 ms (kafka.log.Log)
[2017-07-10 15:40:52,904] INFO Loading producer state from offset 0 for partition __consumer_offsets-44 with message format version 2 (kafka.log.Log)
[2017-07-10 15:40:52,907] INFO Completed load of log __consumer_offsets-44 with 1 log segments, log start offset 0 and log end offset 0 in 5 ms (kafka.log.Log)
[2017-07-10 15:40:52,913] INFO Loading producer state from offset 0 for partition __consumer_offsets-2 with message format version 2 (kafka.log.Log)
[2017-07-10 15:40:52,914] INFO Completed load of log __consumer_offsets-2 with 1 log segments, log start offset 0 and log end offset 0 in 2 ms (kafka.log.Log)
[2017-07-10 15:40:52,928] INFO Loading producer state from offset 8 for partition first-0 with message format version 2 (kafka.log.Log)
[2017-07-10 15:40:52,939] INFO Loading producer state from snapshot file 00000000000000000008.snapshot for partition first-0 (kafka.log.ProducerStateManager)
[2017-07-10 15:40:52,942] INFO Completed load of log first-0 with 1 log segments, log start offset 0 and log end offset 8 in 22 ms (kafka.log.Log)
[2017-07-10 15:40:52,951] INFO Loading producer state from offset 0 for partition __consumer_offsets-18 with message format version 2 (kafka.log.Log)
[2017-07-10 15:40:52,952] INFO Completed load of log __consumer_offsets-18 with 1 log segments, log start offset 0 and log end offset 0 in 4 ms (kafka.log.Log)
[2017-07-10 15:40:52,959] INFO Loading producer state from offset 0 for partition __consumer_offsets-31 with message format version 2 (kafka.log.Log)
[2017-07-10 15:40:52,960] INFO Completed load of log __consumer_offsets-31 with 1 log segments, log start offset 0 and log end offset 0 in 3 ms (kafka.log.Log)
[2017-07-10 15:40:52,963] INFO Logs loading complete in 1072 ms. (kafka.log.LogManager)
[2017-07-10 15:40:53,049] INFO Starting log cleanup with a period of 300000 ms. (kafka.log.LogManager)
[2017-07-10 15:40:53,051] INFO Starting log flusher with a default period of 9223372036854775807 ms. (kafka.log.LogManager)
[2017-07-10 15:40:53,123] INFO Awaiting socket connections on 0.0.0.0:9092. (kafka.network.Acceptor)
[2017-07-10 15:40:53,130] INFO [Socket Server on Broker 0], Started 1 acceptor threads (kafka.network.SocketServer)
[2017-07-10 15:40:53,163] INFO [ExpirationReaper-0-Produce]: Starting (kafka.server.DelayedOperationPurgatory$ExpiredOperationReaper)
[2017-07-10 15:40:53,163] INFO [ExpirationReaper-0-Fetch]: Starting (kafka.server.DelayedOperationPurgatory$ExpiredOperationReaper)
[2017-07-10 15:40:53,172] INFO [ExpirationReaper-0-DeleteRecords]: Starting (kafka.server.DelayedOperationPurgatory$ExpiredOperationReaper)
[2017-07-10 15:40:53,251] INFO [ExpirationReaper-0-topic]: Starting (kafka.server.DelayedOperationPurgatory$ExpiredOperationReaper)
[2017-07-10 15:40:53,261] INFO [ExpirationReaper-0-Heartbeat]: Starting (kafka.server.DelayedOperationPurgatory$ExpiredOperationReaper)
[2017-07-10 15:40:53,267] INFO [ExpirationReaper-0-Rebalance]: Starting (kafka.server.DelayedOperationPurgatory$ExpiredOperationReaper)
[2017-07-10 15:40:53,277] INFO Creating /controller (is it secure? false) (kafka.utils.ZKCheckedEphemeral)
[2017-07-10 15:40:53,340] INFO Result of znode creation is: OK (kafka.utils.ZKCheckedEphemeral)
[2017-07-10 15:40:53,471] INFO [GroupCoordinator 0]: Starting up. (kafka.coordinator.group.GroupCoordinator)
[2017-07-10 15:40:53,473] INFO [GroupCoordinator 0]: Startup complete. (kafka.coordinator.group.GroupCoordinator)
[2017-07-10 15:40:53,486] INFO [Group Metadata Manager on Broker 0]: Removed 0 expired offsets in 7 milliseconds. (kafka.coordinator.group.GroupMetadataManager)
[2017-07-10 15:40:53,570] INFO [ProducerId Manager 0]: Acquired new producerId block (brokerId:0,blockStartProducerId:6000,blockEndProducerId:6999) by writing to Zk with path version 7 (kafka.coordinator.transaction.ProducerIdManager)
[2017-07-10 15:40:53,641] INFO [Transaction Coordinator 0]: Starting up. (kafka.coordinator.transaction.TransactionCoordinator)
[2017-07-10 15:40:53,646] INFO [Transaction Coordinator 0]: Startup complete. (kafka.coordinator.transaction.TransactionCoordinator)
[2017-07-10 15:40:53,662] INFO [Transaction Marker Channel Manager 0]: Starting (kafka.coordinator.transaction.TransactionMarkerChannelManager)
[2017-07-10 15:40:53,804] INFO Will not load MX4J, mx4j-tools.jar is not in the classpath (kafka.utils.Mx4jLoader$)
[2017-07-10 15:40:54,010] INFO Creating /brokers/ids/0 (is it secure? false) (kafka.utils.ZKCheckedEphemeral)
[2017-07-10 15:40:54,032] INFO Got user-level KeeperException when processing sessionid:0x15d2e70fe1f0000 type:create cxid:0x52 zxid:0x232 txntype:-1 reqpath:n/a Error Path:/brokers Error:KeeperErrorCode = NodeExists for /brokers (org.apache.zookeeper.server.PrepRequestProcessor)
[2017-07-10 15:40:54,037] INFO Got user-level KeeperException when processing sessionid:0x15d2e70fe1f0000 type:create cxid:0x53 zxid:0x233 txntype:-1 reqpath:n/a Error Path:/brokers/ids Error:KeeperErrorCode = NodeExists for /brokers/ids (org.apache.zookeeper.server.PrepRequestProcessor)
[2017-07-10 15:40:54,056] INFO Result of znode creation is: OK (kafka.utils.ZKCheckedEphemeral)
[2017-07-10 15:40:54,059] INFO Registered broker 0 at path /brokers/ids/0 with addresses: EndPoint(spark,9092,ListenerName(PLAINTEXT),PLAINTEXT) (kafka.utils.ZkUtils)
[2017-07-10 15:40:54,066] INFO Kafka version : 0.11.0.0 (org.apache.kafka.common.utils.AppInfoParser)
[2017-07-10 15:40:54,066] INFO Kafka commitId : cb8625948210849f (org.apache.kafka.common.utils.AppInfoParser)
[2017-07-10 15:40:54,072] INFO [Kafka Server 0], started (kafka.server.KafkaServer)
[2017-07-10 15:40:54,966] INFO Got user-level KeeperException when processing sessionid:0x15d2e70fe1f0000 type:delete cxid:0xd7 zxid:0x235 txntype:-1 reqpath:n/a Error Path:/admin/preferred_replica_election Error:KeeperErrorCode = NoNode for /admin/preferred_replica_election (org.apache.zookeeper.server.PrepRequestProcessor)
[2017-07-10 15:40:55,947] INFO [ReplicaFetcherManager on broker 0] Removed fetcher for partitions __consumer_offsets-22,__consumer_offsets-30,__consumer_offsets-8,__consumer_offsets-21,__consumer_offsets-4,__consumer_offsets-27,__consumer_offsets-7,__consumer_offsets-9,__consumer_offsets-46,__consumer_offsets-25,__consumer_offsets-35,__consumer_offsets-41,__consumer_offsets-33,__consumer_offsets-23,__consumer_offsets-49,__consumer_offsets-47,__consumer_offsets-16,__consumer_offsets-28,__consumer_offsets-31,__consumer_offsets-36,__consumer_offsets-42,__consumer_offsets-3,__consumer_offsets-18,__consumer_offsets-37,first-0,__consumer_offsets-15,__consumer_offsets-24,__consumer_offsets-38,__consumer_offsets-17,__consumer_offsets-48,__consumer_offsets-19,__consumer_offsets-11,__consumer_offsets-13,__consumer_offsets-2,__consumer_offsets-43,__consumer_offsets-6,__consumer_offsets-14,__consumer_offsets-20,__consumer_offsets-0,__consumer_offsets-44,__consumer_offsets-39,__consumer_offsets-12,__consumer_offsets-45,__consumer_offsets-1,__consumer_offsets-5,__consumer_offsets-26,__consumer_offsets-29,__consumer_offsets-34,__consumer_offsets-10,__consumer_offsets-32,__consumer_offsets-40 (kafka.server.ReplicaFetcherManager)
[2017-07-10 15:40:56,000] INFO Partition [__consumer_offsets,0] on broker 0: __consumer_offsets-0 starts at Leader Epoch 4 from offset 9. Previous Leader Epoch was: -1 (kafka.cluster.Partition)
[2017-07-10 15:40:56,041] INFO Partition [__consumer_offsets,29] on broker 0: __consumer_offsets-29 starts at Leader Epoch 4 from offset 0. Previous Leader Epoch was: -1 (kafka.cluster.Partition)
[2017-07-10 15:40:56,059] INFO Partition [__consumer_offsets,48] on broker 0: __consumer_offsets-48 starts at Leader Epoch 4 from offset 0. Previous Leader Epoch was: -1 (kafka.cluster.Partition)
[2017-07-10 15:40:56,074] INFO Partition [__consumer_offsets,10] on broker 0: __consumer_offsets-10 starts at Leader Epoch 4 from offset 0. Previous Leader Epoch was: -1 (kafka.cluster.Partition)
[2017-07-10 15:40:56,095] INFO Partition [__consumer_offsets,45] on broker 0: __consumer_offsets-45 starts at Leader Epoch 4 from offset 6. Previous Leader Epoch was: -1 (kafka.cluster.Partition)
[2017-07-10 15:40:56,113] INFO Partition [__consumer_offsets,26] on broker 0: __consumer_offsets-26 starts at Leader Epoch 4 from offset 9. Previous Leader Epoch was: -1 (kafka.cluster.Partition)
[2017-07-10 15:40:56,121] INFO Partition [__consumer_offsets,7] on broker 0: __consumer_offsets-7 starts at Leader Epoch 4 from offset 0. Previous Leader Epoch was: -1 (kafka.cluster.Partition)
[2017-07-10 15:40:56,140] INFO Partition [__consumer_offsets,42] on broker 0: __consumer_offsets-42 starts at Leader Epoch 4 from offset 0. Previous Leader Epoch was: -1 (kafka.cluster.Partition)
[2017-07-10 15:40:56,149] INFO Partition [__consumer_offsets,4] on broker 0: __consumer_offsets-4 starts at Leader Epoch 4 from offset 0. Previous Leader Epoch was: -1 (kafka.cluster.Partition)
[2017-07-10 15:40:56,161] INFO Partition [__consumer_offsets,23] on broker 0: __consumer_offsets-23 starts at Leader Epoch 4 from offset 0. Previous Leader Epoch was: -1 (kafka.cluster.Partition)
[2017-07-10 15:40:56,181] INFO Partition [__consumer_offsets,1] on broker 0: __consumer_offsets-1 starts at Leader Epoch 4 from offset 0. Previous Leader Epoch was: -1 (kafka.cluster.Partition)
[2017-07-10 15:40:56,187] INFO Partition [__consumer_offsets,20] on broker 0: __consumer_offsets-20 starts at Leader Epoch 4 from offset 8. Previous Leader Epoch was: -1 (kafka.cluster.Partition)
[2017-07-10 15:40:56,195] INFO Partition [__consumer_offsets,39] on broker 0: __consumer_offsets-39 starts at Leader Epoch 4 from offset 0. Previous Leader Epoch was: -1 (kafka.cluster.Partition)
[2017-07-10 15:40:56,217] INFO Partition [__consumer_offsets,17] on broker 0: __consumer_offsets-17 starts at Leader Epoch 4 from offset 0. Previous Leader Epoch was: -1 (kafka.cluster.Partition)
[2017-07-10 15:40:56,222] INFO Partition [__consumer_offsets,36] on broker 0: __consumer_offsets-36 starts at Leader Epoch 4 from offset 0. Previous Leader Epoch was: -1 (kafka.cluster.Partition)
[2017-07-10 15:40:56,227] INFO Partition [__consumer_offsets,14] on broker 0: __consumer_offsets-14 starts at Leader Epoch 4 from offset 0. Previous Leader Epoch was: -1 (kafka.cluster.Partition)
[2017-07-10 15:40:56,240] INFO Partition [__consumer_offsets,33] on broker 0: __consumer_offsets-33 starts at Leader Epoch 4 from offset 0. Previous Leader Epoch was: -1 (kafka.cluster.Partition)
[2017-07-10 15:40:56,246] INFO Partition [__consumer_offsets,49] on broker 0: __consumer_offsets-49 starts at Leader Epoch 4 from offset 0. Previous Leader Epoch was: -1 (kafka.cluster.Partition)
[2017-07-10 15:40:56,253] INFO Partition [__consumer_offsets,11] on broker 0: __consumer_offsets-11 starts at Leader Epoch 4 from offset 3. Previous Leader Epoch was: -1 (kafka.cluster.Partition)
[2017-07-10 15:40:56,263] INFO Partition [__consumer_offsets,30] on broker 0: __consumer_offsets-30 starts at Leader Epoch 4 from offset 0. Previous Leader Epoch was: -1 (kafka.cluster.Partition)
[2017-07-10 15:40:56,277] INFO Partition [__consumer_offsets,46] on broker 0: __consumer_offsets-46 starts at Leader Epoch 4 from offset 0. Previous Leader Epoch was: -1 (kafka.cluster.Partition)
[2017-07-10 15:40:56,289] INFO Partition [__consumer_offsets,27] on broker 0: __consumer_offsets-27 starts at Leader Epoch 4 from offset 8. Previous Leader Epoch was: -1 (kafka.cluster.Partition)
[2017-07-10 15:40:56,296] INFO Partition [__consumer_offsets,8] on broker 0: __consumer_offsets-8 starts at Leader Epoch 4 from offset 0. Previous Leader Epoch was: -1 (kafka.cluster.Partition)
[2017-07-10 15:40:56,304] INFO Partition [__consumer_offsets,24] on broker 0: __consumer_offsets-24 starts at Leader Epoch 4 from offset 0. Previous Leader Epoch was: -1 (kafka.cluster.Partition)
[2017-07-10 15:40:56,313] INFO Partition [__consumer_offsets,43] on broker 0: __consumer_offsets-43 starts at Leader Epoch 4 from offset 4. Previous Leader Epoch was: -1 (kafka.cluster.Partition)
[2017-07-10 15:40:56,322] INFO Partition [__consumer_offsets,5] on broker 0: __consumer_offsets-5 starts at Leader Epoch 4 from offset 0. Previous Leader Epoch was: -1 (kafka.cluster.Partition)
[2017-07-10 15:40:56,331] INFO Partition [__consumer_offsets,21] on broker 0: __consumer_offsets-21 starts at Leader Epoch 4 from offset 0. Previous Leader Epoch was: -1 (kafka.cluster.Partition)
[2017-07-10 15:40:56,338] INFO Partition [__consumer_offsets,2] on broker 0: __consumer_offsets-2 starts at Leader Epoch 4 from offset 0. Previous Leader Epoch was: -1 (kafka.cluster.Partition)
[2017-07-10 15:40:56,344] INFO Partition [__consumer_offsets,40] on broker 0: __consumer_offsets-40 starts at Leader Epoch 4 from offset 0. Previous Leader Epoch was: -1 (kafka.cluster.Partition)
[2017-07-10 15:40:56,354] INFO Partition [__consumer_offsets,37] on broker 0: __consumer_offsets-37 starts at Leader Epoch 4 from offset 0. Previous Leader Epoch was: -1 (kafka.cluster.Partition)
[2017-07-10 15:40:56,371] INFO Partition [__consumer_offsets,18] on broker 0: __consumer_offsets-18 starts at Leader Epoch 4 from offset 0. Previous Leader Epoch was: -1 (kafka.cluster.Partition)
[2017-07-10 15:40:56,378] INFO Partition [first,0] on broker 0: first-0 starts at Leader Epoch 4 from offset 8. Previous Leader Epoch was: -1 (kafka.cluster.Partition)
[2017-07-10 15:40:56,385] INFO Partition [__consumer_offsets,34] on broker 0: __consumer_offsets-34 starts at Leader Epoch 4 from offset 0. Previous Leader Epoch was: -1 (kafka.cluster.Partition)
[2017-07-10 15:40:56,395] INFO Partition [__consumer_offsets,15] on broker 0: __consumer_offsets-15 starts at Leader Epoch 4 from offset 0. Previous Leader Epoch was: -1 (kafka.cluster.Partition)
[2017-07-10 15:40:56,401] INFO Partition [__consumer_offsets,12] on broker 0: __consumer_offsets-12 starts at Leader Epoch 4 from offset 0. Previous Leader Epoch was: -1 (kafka.cluster.Partition)
[2017-07-10 15:40:56,412] INFO Partition [__consumer_offsets,31] on broker 0: __consumer_offsets-31 starts at Leader Epoch 4 from offset 0. Previous Leader Epoch was: -1 (kafka.cluster.Partition)
[2017-07-10 15:40:56,424] INFO Partition [__consumer_offsets,9] on broker 0: __consumer_offsets-9 starts at Leader Epoch 4 from offset 0. Previous Leader Epoch was: -1 (kafka.cluster.Partition)
[2017-07-10 15:40:56,435] INFO Partition [__consumer_offsets,47] on broker 0: __consumer_offsets-47 starts at Leader Epoch 4 from offset 0. Previous Leader Epoch was: -1 (kafka.cluster.Partition)
[2017-07-10 15:40:56,445] INFO Partition [__consumer_offsets,19] on broker 0: __consumer_offsets-19 starts at Leader Epoch 4 from offset 0. Previous Leader Epoch was: -1 (kafka.cluster.Partition)
[2017-07-10 15:40:56,461] INFO Partition [__consumer_offsets,28] on broker 0: __consumer_offsets-28 starts at Leader Epoch 4 from offset 0. Previous Leader Epoch was: -1 (kafka.cluster.Partition)
[2017-07-10 15:40:56,497] INFO Partition [__consumer_offsets,38] on broker 0: __consumer_offsets-38 starts at Leader Epoch 4 from offset 0. Previous Leader Epoch was: -1 (kafka.cluster.Partition)
[2017-07-10 15:40:56,523] INFO Partition [__consumer_offsets,35] on broker 0: __consumer_offsets-35 starts at Leader Epoch 4 from offset 10. Previous Leader Epoch was: -1 (kafka.cluster.Partition)
[2017-07-10 15:40:56,537] INFO Partition [__consumer_offsets,44] on broker 0: __consumer_offsets-44 starts at Leader Epoch 4 from offset 0. Previous Leader Epoch was: -1 (kafka.cluster.Partition)
[2017-07-10 15:40:56,545] INFO Partition [__consumer_offsets,6] on broker 0: __consumer_offsets-6 starts at Leader Epoch 4 from offset 4. Previous Leader Epoch was: -1 (kafka.cluster.Partition)
[2017-07-10 15:40:56,552] INFO Partition [__consumer_offsets,25] on broker 0: __consumer_offsets-25 starts at Leader Epoch 4 from offset 0. Previous Leader Epoch was: -1 (kafka.cluster.Partition)
[2017-07-10 15:40:56,557] INFO Partition [__consumer_offsets,16] on broker 0: __consumer_offsets-16 starts at Leader Epoch 4 from offset 0. Previous Leader Epoch was: -1 (kafka.cluster.Partition)
[2017-07-10 15:40:56,566] INFO Partition [__consumer_offsets,22] on broker 0: __consumer_offsets-22 starts at Leader Epoch 4 from offset 9. Previous Leader Epoch was: -1 (kafka.cluster.Partition)
[2017-07-10 15:40:56,579] INFO Partition [__consumer_offsets,41] on broker 0: __consumer_offsets-41 starts at Leader Epoch 4 from offset 0. Previous Leader Epoch was: -1 (kafka.cluster.Partition)
[2017-07-10 15:40:56,587] INFO Partition [__consumer_offsets,32] on broker 0: __consumer_offsets-32 starts at Leader Epoch 4 from offset 0. Previous Leader Epoch was: -1 (kafka.cluster.Partition)
[2017-07-10 15:40:56,595] INFO Partition [__consumer_offsets,3] on broker 0: __consumer_offsets-3 starts at Leader Epoch 4 from offset 0. Previous Leader Epoch was: -1 (kafka.cluster.Partition)
[2017-07-10 15:40:56,602] INFO Partition [__consumer_offsets,13] on broker 0: __consumer_offsets-13 starts at Leader Epoch 4 from offset 0. Previous Leader Epoch was: -1 (kafka.cluster.Partition)
[2017-07-10 15:40:56,634] INFO [Group Metadata Manager on Broker 0]: Scheduling loading of offsets and group metadata from __consumer_offsets-22 (kafka.coordinator.group.GroupMetadataManager)
[2017-07-10 15:40:56,635] INFO [Group Metadata Manager on Broker 0]: Scheduling loading of offsets and group metadata from __consumer_offsets-25 (kafka.coordinator.group.GroupMetadataManager)
[2017-07-10 15:40:56,642] INFO [Group Metadata Manager on Broker 0]: Scheduling loading of offsets and group metadata from __consumer_offsets-28 (kafka.coordinator.group.GroupMetadataManager)
[2017-07-10 15:40:56,642] INFO [Group Metadata Manager on Broker 0]: Scheduling loading of offsets and group metadata from __consumer_offsets-31 (kafka.coordinator.group.GroupMetadataManager)
[2017-07-10 15:40:56,642] INFO [Group Metadata Manager on Broker 0]: Scheduling loading of offsets and group metadata from __consumer_offsets-34 (kafka.coordinator.group.GroupMetadataManager)
[2017-07-10 15:40:56,642] INFO [Group Metadata Manager on Broker 0]: Scheduling loading of offsets and group metadata from __consumer_offsets-37 (kafka.coordinator.group.GroupMetadataManager)
[2017-07-10 15:40:56,642] INFO [Group Metadata Manager on Broker 0]: Scheduling loading of offsets and group metadata from __consumer_offsets-40 (kafka.coordinator.group.GroupMetadataManager)
[2017-07-10 15:40:56,642] INFO [Group Metadata Manager on Broker 0]: Scheduling loading of offsets and group metadata from __consumer_offsets-43 (kafka.coordinator.group.GroupMetadataManager)
[2017-07-10 15:40:56,642] INFO [Group Metadata Manager on Broker 0]: Scheduling loading of offsets and group metadata from __consumer_offsets-46 (kafka.coordinator.group.GroupMetadataManager)
[2017-07-10 15:40:56,643] INFO [Group Metadata Manager on Broker 0]: Scheduling loading of offsets and group metadata from __consumer_offsets-49 (kafka.coordinator.group.GroupMetadataManager)
[2017-07-10 15:40:56,643] INFO [Group Metadata Manager on Broker 0]: Scheduling loading of offsets and group metadata from __consumer_offsets-41 (kafka.coordinator.group.GroupMetadataManager)
[2017-07-10 15:40:56,643] INFO [Group Metadata Manager on Broker 0]: Scheduling loading of offsets and group metadata from __consumer_offsets-44 (kafka.coordinator.group.GroupMetadataManager)
[2017-07-10 15:40:56,643] INFO [Group Metadata Manager on Broker 0]: Scheduling loading of offsets and group metadata from __consumer_offsets-47 (kafka.coordinator.group.GroupMetadataManager)
[2017-07-10 15:40:56,643] INFO [Group Metadata Manager on Broker 0]: Scheduling loading of offsets and group metadata from __consumer_offsets-1 (kafka.coordinator.group.GroupMetadataManager)
[2017-07-10 15:40:56,643] INFO [Group Metadata Manager on Broker 0]: Scheduling loading of offsets and group metadata from __consumer_offsets-4 (kafka.coordinator.group.GroupMetadataManager)
[2017-07-10 15:40:56,643] INFO [Group Metadata Manager on Broker 0]: Scheduling loading of offsets and group metadata from __consumer_offsets-7 (kafka.coordinator.group.GroupMetadataManager)
[2017-07-10 15:40:56,643] INFO [Group Metadata Manager on Broker 0]: Scheduling loading of offsets and group metadata from __consumer_offsets-10 (kafka.coordinator.group.GroupMetadataManager)
[2017-07-10 15:40:56,643] INFO [Group Metadata Manager on Broker 0]: Scheduling loading of offsets and group metadata from __consumer_offsets-13 (kafka.coordinator.group.GroupMetadataManager)
[2017-07-10 15:40:56,643] INFO [Group Metadata Manager on Broker 0]: Scheduling loading of offsets and group metadata from __consumer_offsets-16 (kafka.coordinator.group.GroupMetadataManager)
[2017-07-10 15:40:56,644] INFO [Group Metadata Manager on Broker 0]: Scheduling loading of offsets and group metadata from __consumer_offsets-19 (kafka.coordinator.group.GroupMetadataManager)
[2017-07-10 15:40:56,644] INFO [Group Metadata Manager on Broker 0]: Scheduling loading of offsets and group metadata from __consumer_offsets-2 (kafka.coordinator.group.GroupMetadataManager)
[2017-07-10 15:40:56,644] INFO [Group Metadata Manager on Broker 0]: Scheduling loading of offsets and group metadata from __consumer_offsets-5 (kafka.coordinator.group.GroupMetadataManager)
[2017-07-10 15:40:56,644] INFO [Group Metadata Manager on Broker 0]: Scheduling loading of offsets and group metadata from __consumer_offsets-8 (kafka.coordinator.group.GroupMetadataManager)
[2017-07-10 15:40:56,648] INFO [Group Metadata Manager on Broker 0]: Scheduling loading of offsets and group metadata from __consumer_offsets-11 (kafka.coordinator.group.GroupMetadataManager)
[2017-07-10 15:40:56,649] INFO [Group Metadata Manager on Broker 0]: Scheduling loading of offsets and group metadata from __consumer_offsets-14 (kafka.coordinator.group.GroupMetadataManager)
[2017-07-10 15:40:56,649] INFO [Group Metadata Manager on Broker 0]: Scheduling loading of offsets and group metadata from __consumer_offsets-17 (kafka.coordinator.group.GroupMetadataManager)
[2017-07-10 15:40:56,649] INFO [Group Metadata Manager on Broker 0]: Scheduling loading of offsets and group metadata from __consumer_offsets-20 (kafka.coordinator.group.GroupMetadataManager)
[2017-07-10 15:40:56,649] INFO [Group Metadata Manager on Broker 0]: Scheduling loading of offsets and group metadata from __consumer_offsets-23 (kafka.coordinator.group.GroupMetadataManager)
[2017-07-10 15:40:56,649] INFO [Group Metadata Manager on Broker 0]: Scheduling loading of offsets and group metadata from __consumer_offsets-26 (kafka.coordinator.group.GroupMetadataManager)
[2017-07-10 15:40:56,649] INFO [Group Metadata Manager on Broker 0]: Scheduling loading of offsets and group metadata from __consumer_offsets-29 (kafka.coordinator.group.GroupMetadataManager)
[2017-07-10 15:40:56,649] INFO [Group Metadata Manager on Broker 0]: Scheduling loading of offsets and group metadata from __consumer_offsets-32 (kafka.coordinator.group.GroupMetadataManager)
[2017-07-10 15:40:56,649] INFO [Group Metadata Manager on Broker 0]: Scheduling loading of offsets and group metadata from __consumer_offsets-35 (kafka.coordinator.group.GroupMetadataManager)
[2017-07-10 15:40:56,652] INFO [Group Metadata Manager on Broker 0]: Scheduling loading of offsets and group metadata from __consumer_offsets-38 (kafka.coordinator.group.GroupMetadataManager)
[2017-07-10 15:40:56,653] INFO [Group Metadata Manager on Broker 0]: Scheduling loading of offsets and group metadata from __consumer_offsets-0 (kafka.coordinator.group.GroupMetadataManager)
[2017-07-10 15:40:56,653] INFO [Group Metadata Manager on Broker 0]: Scheduling loading of offsets and group metadata from __consumer_offsets-3 (kafka.coordinator.group.GroupMetadataManager)
[2017-07-10 15:40:56,669] INFO [Group Metadata Manager on Broker 0]: Scheduling loading of offsets and group metadata from __consumer_offsets-6 (kafka.coordinator.group.GroupMetadataManager)
[2017-07-10 15:40:56,671] INFO [Group Metadata Manager on Broker 0]: Scheduling loading of offsets and group metadata from __consumer_offsets-9 (kafka.coordinator.group.GroupMetadataManager)
[2017-07-10 15:40:56,673] INFO [Group Metadata Manager on Broker 0]: Scheduling loading of offsets and group metadata from __consumer_offsets-12 (kafka.coordinator.group.GroupMetadataManager)
[2017-07-10 15:40:56,674] INFO [Group Metadata Manager on Broker 0]: Scheduling loading of offsets and group metadata from __consumer_offsets-15 (kafka.coordinator.group.GroupMetadataManager)
[2017-07-10 15:40:56,674] INFO [Group Metadata Manager on Broker 0]: Scheduling loading of offsets and group metadata from __consumer_offsets-18 (kafka.coordinator.group.GroupMetadataManager)
[2017-07-10 15:40:56,674] INFO [Group Metadata Manager on Broker 0]: Scheduling loading of offsets and group metadata from __consumer_offsets-21 (kafka.coordinator.group.GroupMetadataManager)
[2017-07-10 15:40:56,681] INFO [Group Metadata Manager on Broker 0]: Scheduling loading of offsets and group metadata from __consumer_offsets-24 (kafka.coordinator.group.GroupMetadataManager)
[2017-07-10 15:40:56,681] INFO [Group Metadata Manager on Broker 0]: Scheduling loading of offsets and group metadata from __consumer_offsets-27 (kafka.coordinator.group.GroupMetadataManager)
[2017-07-10 15:40:56,681] INFO [Group Metadata Manager on Broker 0]: Scheduling loading of offsets and group metadata from __consumer_offsets-30 (kafka.coordinator.group.GroupMetadataManager)
[2017-07-10 15:40:56,682] INFO [Group Metadata Manager on Broker 0]: Scheduling loading of offsets and group metadata from __consumer_offsets-33 (kafka.coordinator.group.GroupMetadataManager)
[2017-07-10 15:40:56,682] INFO [Group Metadata Manager on Broker 0]: Scheduling loading of offsets and group metadata from __consumer_offsets-36 (kafka.coordinator.group.GroupMetadataManager)
[2017-07-10 15:40:56,682] INFO [Group Metadata Manager on Broker 0]: Scheduling loading of offsets and group metadata from __consumer_offsets-39 (kafka.coordinator.group.GroupMetadataManager)
[2017-07-10 15:40:56,682] INFO [Group Metadata Manager on Broker 0]: Scheduling loading of offsets and group metadata from __consumer_offsets-42 (kafka.coordinator.group.GroupMetadataManager)
[2017-07-10 15:40:56,682] INFO [Group Metadata Manager on Broker 0]: Scheduling loading of offsets and group metadata from __consumer_offsets-45 (kafka.coordinator.group.GroupMetadataManager)
[2017-07-10 15:40:56,682] INFO [Group Metadata Manager on Broker 0]: Scheduling loading of offsets and group metadata from __consumer_offsets-48 (kafka.coordinator.group.GroupMetadataManager)
[2017-07-10 15:40:56,748] INFO [ReplicaFetcherManager on broker 0] Removed fetcher for partitions __consumer_offsets-22,__consumer_offsets-30,__consumer_offsets-8,__consumer_offsets-21,__consumer_offsets-4,__consumer_offsets-27,__consumer_offsets-7,__consumer_offsets-9,__consumer_offsets-46,__consumer_offsets-25,__consumer_offsets-35,__consumer_offsets-41,__consumer_offsets-33,__consumer_offsets-23,__consumer_offsets-49,__consumer_offsets-47,__consumer_offsets-16,__consumer_offsets-28,__consumer_offsets-31,__consumer_offsets-36,__consumer_offsets-42,__consumer_offsets-3,__consumer_offsets-18,__consumer_offsets-37,first-0,__consumer_offsets-15,__consumer_offsets-24,__consumer_offsets-38,__consumer_offsets-17,__consumer_offsets-48,__consumer_offsets-19,__consumer_offsets-11,__consumer_offsets-13,__consumer_offsets-2,__consumer_offsets-43,__consumer_offsets-6,__consumer_offsets-14,__consumer_offsets-20,__consumer_offsets-0,__consumer_offsets-44,__consumer_offsets-39,__consumer_offsets-12,__consumer_offsets-45,__consumer_offsets-1,__consumer_offsets-5,__consumer_offsets-26,__consumer_offsets-29,__consumer_offsets-34,__consumer_offsets-10,__consumer_offsets-32,__consumer_offsets-40 (kafka.server.ReplicaFetcherManager)
[2017-07-10 15:40:56,750] INFO Partition [__consumer_offsets,0] on broker 0: __consumer_offsets-0 starts at Leader Epoch 5 from offset 9. Previous Leader Epoch was: 4 (kafka.cluster.Partition)
[2017-07-10 15:40:56,752] INFO Partition [__consumer_offsets,29] on broker 0: __consumer_offsets-29 starts at Leader Epoch 5 from offset 0. Previous Leader Epoch was: 4 (kafka.cluster.Partition)
[2017-07-10 15:40:56,753] INFO Partition [__consumer_offsets,48] on broker 0: __consumer_offsets-48 starts at Leader Epoch 5 from offset 0. Previous Leader Epoch was: 4 (kafka.cluster.Partition)
[2017-07-10 15:40:56,753] INFO Partition [__consumer_offsets,10] on broker 0: __consumer_offsets-10 starts at Leader Epoch 5 from offset 0. Previous Leader Epoch was: 4 (kafka.cluster.Partition)
[2017-07-10 15:40:56,753] INFO Partition [__consumer_offsets,45] on broker 0: __consumer_offsets-45 starts at Leader Epoch 5 from offset 6. Previous Leader Epoch was: 4 (kafka.cluster.Partition)
[2017-07-10 15:40:56,753] INFO Partition [__consumer_offsets,26] on broker 0: __consumer_offsets-26 starts at Leader Epoch 5 from offset 9. Previous Leader Epoch was: 4 (kafka.cluster.Partition)
[2017-07-10 15:40:56,754] INFO Partition [__consumer_offsets,7] on broker 0: __consumer_offsets-7 starts at Leader Epoch 5 from offset 0. Previous Leader Epoch was: 4 (kafka.cluster.Partition)
[2017-07-10 15:40:56,754] INFO Partition [__consumer_offsets,42] on broker 0: __consumer_offsets-42 starts at Leader Epoch 5 from offset 0. Previous Leader Epoch was: 4 (kafka.cluster.Partition)
[2017-07-10 15:40:56,762] INFO Partition [__consumer_offsets,4] on broker 0: __consumer_offsets-4 starts at Leader Epoch 5 from offset 0. Previous Leader Epoch was: 4 (kafka.cluster.Partition)
[2017-07-10 15:40:56,763] INFO Partition [__consumer_offsets,23] on broker 0: __consumer_offsets-23 starts at Leader Epoch 5 from offset 0. Previous Leader Epoch was: 4 (kafka.cluster.Partition)
[2017-07-10 15:40:56,763] INFO Partition [__consumer_offsets,1] on broker 0: __consumer_offsets-1 starts at Leader Epoch 5 from offset 0. Previous Leader Epoch was: 4 (kafka.cluster.Partition)
[2017-07-10 15:40:56,763] INFO Partition [__consumer_offsets,20] on broker 0: __consumer_offsets-20 starts at Leader Epoch 5 from offset 8. Previous Leader Epoch was: 4 (kafka.cluster.Partition)
[2017-07-10 15:40:56,764] INFO Partition [__consumer_offsets,39] on broker 0: __consumer_offsets-39 starts at Leader Epoch 5 from offset 0. Previous Leader Epoch was: 4 (kafka.cluster.Partition)
[2017-07-10 15:40:56,765] INFO Partition [__consumer_offsets,17] on broker 0: __consumer_offsets-17 starts at Leader Epoch 5 from offset 0. Previous Leader Epoch was: 4 (kafka.cluster.Partition)
[2017-07-10 15:40:56,766] INFO Partition [__consumer_offsets,36] on broker 0: __consumer_offsets-36 starts at Leader Epoch 5 from offset 0. Previous Leader Epoch was: 4 (kafka.cluster.Partition)
[2017-07-10 15:40:56,766] INFO Partition [__consumer_offsets,14] on broker 0: __consumer_offsets-14 starts at Leader Epoch 5 from offset 0. Previous Leader Epoch was: 4 (kafka.cluster.Partition)
[2017-07-10 15:40:56,767] INFO Partition [__consumer_offsets,33] on broker 0: __consumer_offsets-33 starts at Leader Epoch 5 from offset 0. Previous Leader Epoch was: 4 (kafka.cluster.Partition)
[2017-07-10 15:40:56,771] INFO Partition [__consumer_offsets,49] on broker 0: __consumer_offsets-49 starts at Leader Epoch 5 from offset 0. Previous Leader Epoch was: 4 (kafka.cluster.Partition)
[2017-07-10 15:40:56,771] INFO Partition [__consumer_offsets,11] on broker 0: __consumer_offsets-11 starts at Leader Epoch 5 from offset 3. Previous Leader Epoch was: 4 (kafka.cluster.Partition)
[2017-07-10 15:40:56,771] INFO Partition [__consumer_offsets,30] on broker 0: __consumer_offsets-30 starts at Leader Epoch 5 from offset 0. Previous Leader Epoch was: 4 (kafka.cluster.Partition)
[2017-07-10 15:40:56,776] INFO Partition [__consumer_offsets,46] on broker 0: __consumer_offsets-46 starts at Leader Epoch 5 from offset 0. Previous Leader Epoch was: 4 (kafka.cluster.Partition)
[2017-07-10 15:40:56,776] INFO Partition [__consumer_offsets,27] on broker 0: __consumer_offsets-27 starts at Leader Epoch 5 from offset 8. Previous Leader Epoch was: 4 (kafka.cluster.Partition)
[2017-07-10 15:40:56,779] INFO Partition [__consumer_offsets,8] on broker 0: __consumer_offsets-8 starts at Leader Epoch 5 from offset 0. Previous Leader Epoch was: 4 (kafka.cluster.Partition)
[2017-07-10 15:40:56,781] INFO Partition [__consumer_offsets,24] on broker 0: __consumer_offsets-24 starts at Leader Epoch 5 from offset 0. Previous Leader Epoch was: 4 (kafka.cluster.Partition)
[2017-07-10 15:40:56,782] INFO Partition [__consumer_offsets,43] on broker 0: __consumer_offsets-43 starts at Leader Epoch 5 from offset 4. Previous Leader Epoch was: 4 (kafka.cluster.Partition)
[2017-07-10 15:40:56,796] INFO Partition [__consumer_offsets,5] on broker 0: __consumer_offsets-5 starts at Leader Epoch 5 from offset 0. Previous Leader Epoch was: 4 (kafka.cluster.Partition)
[2017-07-10 15:40:56,797] INFO Partition [__consumer_offsets,21] on broker 0: __consumer_offsets-21 starts at Leader Epoch 5 from offset 0. Previous Leader Epoch was: 4 (kafka.cluster.Partition)
[2017-07-10 15:40:56,797] INFO Partition [__consumer_offsets,2] on broker 0: __consumer_offsets-2 starts at Leader Epoch 5 from offset 0. Previous Leader Epoch was: 4 (kafka.cluster.Partition)
[2017-07-10 15:40:56,797] INFO Partition [__consumer_offsets,40] on broker 0: __consumer_offsets-40 starts at Leader Epoch 5 from offset 0. Previous Leader Epoch was: 4 (kafka.cluster.Partition)
[2017-07-10 15:40:56,798] INFO Partition [__consumer_offsets,37] on broker 0: __consumer_offsets-37 starts at Leader Epoch 5 from offset 0. Previous Leader Epoch was: 4 (kafka.cluster.Partition)
[2017-07-10 15:40:56,798] INFO Partition [__consumer_offsets,18] on broker 0: __consumer_offsets-18 starts at Leader Epoch 5 from offset 0. Previous Leader Epoch was: 4 (kafka.cluster.Partition)
[2017-07-10 15:40:56,798] INFO Partition [first,0] on broker 0: first-0 starts at Leader Epoch 5 from offset 8. Previous Leader Epoch was: 4 (kafka.cluster.Partition)
[2017-07-10 15:40:56,798] INFO Partition [__consumer_offsets,34] on broker 0: __consumer_offsets-34 starts at Leader Epoch 5 from offset 0. Previous Leader Epoch was: 4 (kafka.cluster.Partition)
[2017-07-10 15:40:56,799] INFO Partition [__consumer_offsets,15] on broker 0: __consumer_offsets-15 starts at Leader Epoch 5 from offset 0. Previous Leader Epoch was: 4 (kafka.cluster.Partition)
[2017-07-10 15:40:56,799] INFO Partition [__consumer_offsets,12] on broker 0: __consumer_offsets-12 starts at Leader Epoch 5 from offset 0. Previous Leader Epoch was: 4 (kafka.cluster.Partition)
[2017-07-10 15:40:56,799] INFO Partition [__consumer_offsets,31] on broker 0: __consumer_offsets-31 starts at Leader Epoch 5 from offset 0. Previous Leader Epoch was: 4 (kafka.cluster.Partition)
[2017-07-10 15:40:56,799] INFO Partition [__consumer_offsets,9] on broker 0: __consumer_offsets-9 starts at Leader Epoch 5 from offset 0. Previous Leader Epoch was: 4 (kafka.cluster.Partition)
[2017-07-10 15:40:56,800] INFO Partition [__consumer_offsets,47] on broker 0: __consumer_offsets-47 starts at Leader Epoch 5 from offset 0. Previous Leader Epoch was: 4 (kafka.cluster.Partition)
[2017-07-10 15:40:56,800] INFO Partition [__consumer_offsets,19] on broker 0: __consumer_offsets-19 starts at Leader Epoch 5 from offset 0. Previous Leader Epoch was: 4 (kafka.cluster.Partition)
[2017-07-10 15:40:56,800] INFO Partition [__consumer_offsets,28] on broker 0: __consumer_offsets-28 starts at Leader Epoch 5 from offset 0. Previous Leader Epoch was: 4 (kafka.cluster.Partition)
[2017-07-10 15:40:56,800] INFO Partition [__consumer_offsets,38] on broker 0: __consumer_offsets-38 starts at Leader Epoch 5 from offset 0. Previous Leader Epoch was: 4 (kafka.cluster.Partition)
[2017-07-10 15:40:56,801] INFO Partition [__consumer_offsets,35] on broker 0: __consumer_offsets-35 starts at Leader Epoch 5 from offset 10. Previous Leader Epoch was: 4 (kafka.cluster.Partition)
[2017-07-10 15:40:56,801] INFO Partition [__consumer_offsets,44] on broker 0: __consumer_offsets-44 starts at Leader Epoch 5 from offset 0. Previous Leader Epoch was: 4 (kafka.cluster.Partition)
[2017-07-10 15:40:56,801] INFO Partition [__consumer_offsets,6] on broker 0: __consumer_offsets-6 starts at Leader Epoch 5 from offset 4. Previous Leader Epoch was: 4 (kafka.cluster.Partition)
[2017-07-10 15:40:56,801] INFO Partition [__consumer_offsets,25] on broker 0: __consumer_offsets-25 starts at Leader Epoch 5 from offset 0. Previous Leader Epoch was: 4 (kafka.cluster.Partition)
[2017-07-10 15:40:56,802] INFO Partition [__consumer_offsets,16] on broker 0: __consumer_offsets-16 starts at Leader Epoch 5 from offset 0. Previous Leader Epoch was: 4 (kafka.cluster.Partition)
[2017-07-10 15:40:56,802] INFO Partition [__consumer_offsets,22] on broker 0: __consumer_offsets-22 starts at Leader Epoch 5 from offset 9. Previous Leader Epoch was: 4 (kafka.cluster.Partition)
[2017-07-10 15:40:56,802] INFO Partition [__consumer_offsets,41] on broker 0: __consumer_offsets-41 starts at Leader Epoch 5 from offset 0. Previous Leader Epoch was: 4 (kafka.cluster.Partition)
[2017-07-10 15:40:56,802] INFO Partition [__consumer_offsets,32] on broker 0: __consumer_offsets-32 starts at Leader Epoch 5 from offset 0. Previous Leader Epoch was: 4 (kafka.cluster.Partition)
[2017-07-10 15:40:56,803] INFO Partition [__consumer_offsets,3] on broker 0: __consumer_offsets-3 starts at Leader Epoch 5 from offset 0. Previous Leader Epoch was: 4 (kafka.cluster.Partition)
[2017-07-10 15:40:56,803] INFO Partition [__consumer_offsets,13] on broker 0: __consumer_offsets-13 starts at Leader Epoch 5 from offset 0. Previous Leader Epoch was: 4 (kafka.cluster.Partition)
[2017-07-10 15:40:56,813] INFO [Group Metadata Manager on Broker 0]: Finished loading offsets and group metadata from __consumer_offsets-22 in 172 milliseconds. (kafka.coordinator.group.GroupMetadataManager)
[2017-07-10 15:40:56,817] INFO [Group Metadata Manager on Broker 0]: Finished loading offsets and group metadata from __consumer_offsets-25 in 0 milliseconds. (kafka.coordinator.group.GroupMetadataManager)
[2017-07-10 15:40:56,841] INFO [Group Metadata Manager on Broker 0]: Finished loading offsets and group metadata from __consumer_offsets-28 in 0 milliseconds. (kafka.coordinator.group.GroupMetadataManager)
[2017-07-10 15:40:56,842] INFO [Group Metadata Manager on Broker 0]: Finished loading offsets and group metadata from __consumer_offsets-31 in 0 milliseconds. (kafka.coordinator.group.GroupMetadataManager)
[2017-07-10 15:40:56,842] INFO [Group Metadata Manager on Broker 0]: Finished loading offsets and group metadata from __consumer_offsets-34 in 0 milliseconds. (kafka.coordinator.group.GroupMetadataManager)
[2017-07-10 15:40:56,842] INFO [Group Metadata Manager on Broker 0]: Finished loading offsets and group metadata from __consumer_offsets-37 in 0 milliseconds. (kafka.coordinator.group.GroupMetadataManager)
[2017-07-10 15:40:56,842] INFO [Group Metadata Manager on Broker 0]: Finished loading offsets and group metadata from __consumer_offsets-40 in 0 milliseconds. (kafka.coordinator.group.GroupMetadataManager)
[2017-07-10 15:40:56,865] INFO [GroupCoordinator 0]: Loading group metadata for console-consumer-6567 with generation 2 (kafka.coordinator.group.GroupCoordinator)
[2017-07-10 15:40:56,867] INFO [Group Metadata Manager on Broker 0]: Finished loading offsets and group metadata from __consumer_offsets-43 in 23 milliseconds. (kafka.coordinator.group.GroupMetadataManager)
[2017-07-10 15:40:56,867] INFO [Group Metadata Manager on Broker 0]: Finished loading offsets and group metadata from __consumer_offsets-46 in 0 milliseconds. (kafka.coordinator.group.GroupMetadataManager)
[2017-07-10 15:40:56,867] INFO [Group Metadata Manager on Broker 0]: Finished loading offsets and group metadata from __consumer_offsets-49 in 0 milliseconds. (kafka.coordinator.group.GroupMetadataManager)
[2017-07-10 15:40:56,868] INFO [Group Metadata Manager on Broker 0]: Finished loading offsets and group metadata from __consumer_offsets-41 in 1 milliseconds. (kafka.coordinator.group.GroupMetadataManager)
[2017-07-10 15:40:56,868] INFO [Group Metadata Manager on Broker 0]: Finished loading offsets and group metadata from __consumer_offsets-44 in 0 milliseconds. (kafka.coordinator.group.GroupMetadataManager)
[2017-07-10 15:40:56,869] INFO [Group Metadata Manager on Broker 0]: Finished loading offsets and group metadata from __consumer_offsets-47 in 0 milliseconds. (kafka.coordinator.group.GroupMetadataManager)
[2017-07-10 15:40:56,870] INFO [Group Metadata Manager on Broker 0]: Finished loading offsets and group metadata from __consumer_offsets-1 in 1 milliseconds. (kafka.coordinator.group.GroupMetadataManager)
[2017-07-10 15:40:56,871] INFO [Group Metadata Manager on Broker 0]: Finished loading offsets and group metadata from __consumer_offsets-4 in 0 milliseconds. (kafka.coordinator.group.GroupMetadataManager)
[2017-07-10 15:40:56,871] INFO [Group Metadata Manager on Broker 0]: Finished loading offsets and group metadata from __consumer_offsets-7 in 0 milliseconds. (kafka.coordinator.group.GroupMetadataManager)
[2017-07-10 15:40:56,871] INFO [Group Metadata Manager on Broker 0]: Finished loading offsets and group metadata from __consumer_offsets-10 in 0 milliseconds. (kafka.coordinator.group.GroupMetadataManager)
[2017-07-10 15:40:56,871] INFO [Group Metadata Manager on Broker 0]: Finished loading offsets and group metadata from __consumer_offsets-13 in 0 milliseconds. (kafka.coordinator.group.GroupMetadataManager)
[2017-07-10 15:40:56,873] INFO [Group Metadata Manager on Broker 0]: Finished loading offsets and group metadata from __consumer_offsets-16 in 2 milliseconds. (kafka.coordinator.group.GroupMetadataManager)
[2017-07-10 15:40:56,877] INFO [Group Metadata Manager on Broker 0]: Finished loading offsets and group metadata from __consumer_offsets-19 in 3 milliseconds. (kafka.coordinator.group.GroupMetadataManager)
[2017-07-10 15:40:56,877] INFO [Group Metadata Manager on Broker 0]: Finished loading offsets and group metadata from __consumer_offsets-2 in 0 milliseconds. (kafka.coordinator.group.GroupMetadataManager)
[2017-07-10 15:40:56,878] INFO [Group Metadata Manager on Broker 0]: Finished loading offsets and group metadata from __consumer_offsets-5 in 0 milliseconds. (kafka.coordinator.group.GroupMetadataManager)
[2017-07-10 15:40:56,887] INFO [Group Metadata Manager on Broker 0]: Finished loading offsets and group metadata from __consumer_offsets-8 in 9 milliseconds. (kafka.coordinator.group.GroupMetadataManager)
[2017-07-10 15:40:56,895] INFO [GroupCoordinator 0]: Loading group metadata for console-consumer-42581 with generation 2 (kafka.coordinator.group.GroupCoordinator)
[2017-07-10 15:40:56,895] INFO [Group Metadata Manager on Broker 0]: Finished loading offsets and group metadata from __consumer_offsets-11 in 7 milliseconds. (kafka.coordinator.group.GroupMetadataManager)
[2017-07-10 15:40:56,896] INFO [Group Metadata Manager on Broker 0]: Finished loading offsets and group metadata from __consumer_offsets-14 in 0 milliseconds. (kafka.coordinator.group.GroupMetadataManager)
[2017-07-10 15:40:56,897] INFO [Group Metadata Manager on Broker 0]: Finished loading offsets and group metadata from __consumer_offsets-17 in 1 milliseconds. (kafka.coordinator.group.GroupMetadataManager)
[2017-07-10 15:40:56,903] INFO [Group Metadata Manager on Broker 0]: Finished loading offsets and group metadata from __consumer_offsets-20 in 6 milliseconds. (kafka.coordinator.group.GroupMetadataManager)
[2017-07-10 15:40:56,903] INFO [Group Metadata Manager on Broker 0]: Finished loading offsets and group metadata from __consumer_offsets-23 in 0 milliseconds. (kafka.coordinator.group.GroupMetadataManager)
[2017-07-10 15:40:56,908] INFO [Group Metadata Manager on Broker 0]: Finished loading offsets and group metadata from __consumer_offsets-26 in 5 milliseconds. (kafka.coordinator.group.GroupMetadataManager)
[2017-07-10 15:40:56,919] INFO [Group Metadata Manager on Broker 0]: Finished loading offsets and group metadata from __consumer_offsets-29 in 1 milliseconds. (kafka.coordinator.group.GroupMetadataManager)
[2017-07-10 15:40:56,919] INFO [Group Metadata Manager on Broker 0]: Finished loading offsets and group metadata from __consumer_offsets-32 in 0 milliseconds. (kafka.coordinator.group.GroupMetadataManager)
[2017-07-10 15:40:56,924] INFO [Group Metadata Manager on Broker 0]: Finished loading offsets and group metadata from __consumer_offsets-35 in 5 milliseconds. (kafka.coordinator.group.GroupMetadataManager)
[2017-07-10 15:40:56,925] INFO [Group Metadata Manager on Broker 0]: Finished loading offsets and group metadata from __consumer_offsets-38 in 1 milliseconds. (kafka.coordinator.group.GroupMetadataManager)
[2017-07-10 15:40:56,935] INFO [Group Metadata Manager on Broker 0]: Finished loading offsets and group metadata from __consumer_offsets-0 in 10 milliseconds. (kafka.coordinator.group.GroupMetadataManager)
[2017-07-10 15:40:56,936] INFO [Group Metadata Manager on Broker 0]: Finished loading offsets and group metadata from __consumer_offsets-3 in 1 milliseconds. (kafka.coordinator.group.GroupMetadataManager)
[2017-07-10 15:40:56,940] INFO [GroupCoordinator 0]: Loading group metadata for console-consumer-92888 with generation 2 (kafka.coordinator.group.GroupCoordinator)
[2017-07-10 15:40:56,940] INFO [Group Metadata Manager on Broker 0]: Finished loading offsets and group metadata from __consumer_offsets-6 in 4 milliseconds. (kafka.coordinator.group.GroupMetadataManager)
[2017-07-10 15:40:56,941] INFO [Group Metadata Manager on Broker 0]: Finished loading offsets and group metadata from __consumer_offsets-9 in 0 milliseconds. (kafka.coordinator.group.GroupMetadataManager)
[2017-07-10 15:40:56,942] INFO [Group Metadata Manager on Broker 0]: Finished loading offsets and group metadata from __consumer_offsets-12 in 0 milliseconds. (kafka.coordinator.group.GroupMetadataManager)
[2017-07-10 15:40:56,942] INFO [Group Metadata Manager on Broker 0]: Finished loading offsets and group metadata from __consumer_offsets-15 in 0 milliseconds. (kafka.coordinator.group.GroupMetadataManager)
[2017-07-10 15:40:56,950] INFO [Group Metadata Manager on Broker 0]: Finished loading offsets and group metadata from __consumer_offsets-18 in 7 milliseconds. (kafka.coordinator.group.GroupMetadataManager)
[2017-07-10 15:40:56,951] INFO [Group Metadata Manager on Broker 0]: Finished loading offsets and group metadata from __consumer_offsets-21 in 0 milliseconds. (kafka.coordinator.group.GroupMetadataManager)
[2017-07-10 15:40:56,951] INFO [Group Metadata Manager on Broker 0]: Finished loading offsets and group metadata from __consumer_offsets-24 in 0 milliseconds. (kafka.coordinator.group.GroupMetadataManager)
[2017-07-10 15:40:56,960] INFO [Group Metadata Manager on Broker 0]: Finished loading offsets and group metadata from __consumer_offsets-27 in 9 milliseconds. (kafka.coordinator.group.GroupMetadataManager)
[2017-07-10 15:40:56,960] INFO [Group Metadata Manager on Broker 0]: Finished loading offsets and group metadata from __consumer_offsets-30 in 0 milliseconds. (kafka.coordinator.group.GroupMetadataManager)
[2017-07-10 15:40:56,960] INFO [Group Metadata Manager on Broker 0]: Finished loading offsets and group metadata from __consumer_offsets-33 in 0 milliseconds. (kafka.coordinator.group.GroupMetadataManager)
[2017-07-10 15:40:56,962] INFO [Group Metadata Manager on Broker 0]: Finished loading offsets and group metadata from __consumer_offsets-36 in 0 milliseconds. (kafka.coordinator.group.GroupMetadataManager)
[2017-07-10 15:40:56,963] INFO [Group Metadata Manager on Broker 0]: Finished loading offsets and group metadata from __consumer_offsets-39 in 1 milliseconds. (kafka.coordinator.group.GroupMetadataManager)
[2017-07-10 15:40:56,964] INFO [Group Metadata Manager on Broker 0]: Finished loading offsets and group metadata from __consumer_offsets-42 in 0 milliseconds. (kafka.coordinator.group.GroupMetadataManager)
[2017-07-10 15:40:56,971] INFO [GroupCoordinator 0]: Loading group metadata for console-consumer-2392 with generation 2 (kafka.coordinator.group.GroupCoordinator)
[2017-07-10 15:40:56,971] INFO [Group Metadata Manager on Broker 0]: Finished loading offsets and group metadata from __consumer_offsets-45 in 7 milliseconds. (kafka.coordinator.group.GroupMetadataManager)
[2017-07-10 15:40:56,971] INFO [Group Metadata Manager on Broker 0]: Finished loading offsets and group metadata from __consumer_offsets-48 in 0 milliseconds. (kafka.coordinator.group.GroupMetadataManager)
[2017-07-10 15:41:23,059] INFO Deleting index /tmp/kafka-logs/my-topic-0.3e9943f37c51478f890b76809f9bcdcd-delete/00000000000000000000.index (kafka.log.OffsetIndex)
[2017-07-10 15:41:23,069] INFO Deleting index /tmp/kafka-logs/my-topic-0.3e9943f37c51478f890b76809f9bcdcd-delete/00000000000000000000.timeindex (kafka.log.TimeIndex)
[2017-07-10 15:41:23,081] INFO Deleted log for partition my-topic-0 in /tmp/kafka-logs/my-topic-0.3e9943f37c51478f890b76809f9bcdcd-delete. (kafka.log.LogManager)

spark@spark:~/kafka$
spark@spark:~/kafka$ bin/kafka-topics.sh --create --zookeeper localhost:2181 --replication-factor 1 --partitions 1 --topic my-topic
[2017-07-10 15:43:23,849] INFO Accepted socket connection from /0:0:0:0:0:0:0:1:60034 (org.apache.zookeeper.server.NIOServerCnxnFactory)
[2017-07-10 15:43:23,856] INFO Client attempting to establish new session at /0:0:0:0:0:0:0:1:60034 (org.apache.zookeeper.server.ZooKeeperServer)
[2017-07-10 15:43:23,860] INFO Established session 0x15d2e70fe1f0001 with negotiated timeout 30000 for client /0:0:0:0:0:0:0:1:60034 (org.apache.zookeeper.server.ZooKeeperServer)
[2017-07-10 15:43:24,138] INFO Got user-level KeeperException when processing sessionid:0x15d2e70fe1f0001 type:setData cxid:0x4 zxid:0x26a txntype:-1 reqpath:n/a Error Path:/config/topics/my-topic Error:KeeperErrorCode = NoNode for /config/topics/my-topic (org.apache.zookeeper.server.PrepRequestProcessor)
[2017-07-10 15:43:24,154] INFO Got user-level KeeperException when processing sessionid:0x15d2e70fe1f0001 type:create cxid:0x6 zxid:0x26b txntype:-1 reqpath:n/a Error Path:/config/topics Error:KeeperErrorCode = NodeExists for /config/topics (org.apache.zookeeper.server.PrepRequestProcessor)
Created topic "my-topic".
[2017-07-10 15:43:24,183] INFO Processed session termination for sessionid: 0x15d2e70fe1f0001 (org.apache.zookeeper.server.PrepRequestProcessor)
[2017-07-10 15:43:24,191] INFO Closed socket connection for client /0:0:0:0:0:0:0:1:60034 which had sessionid 0x15d2e70fe1f0001 (org.apache.zookeeper.server.NIOServerCnxn)
[2017-07-10 15:43:24,221] INFO Got user-level KeeperException when processing sessionid:0x15d2e70fe1f0000 type:create cxid:0x179 zxid:0x26f txntype:-1 reqpath:n/a Error Path:/brokers/topics/my-topic/partitions/0 Error:KeeperErrorCode = NoNode for /brokers/topics/my-topic/partitions/0 (org.apache.zookeeper.server.PrepRequestProcessor)
[2017-07-10 15:43:24,225] INFO Got user-level KeeperException when processing sessionid:0x15d2e70fe1f0000 type:create cxid:0x17a zxid:0x270 txntype:-1 reqpath:n/a Error Path:/brokers/topics/my-topic/partitions Error:KeeperErrorCode = NoNode for /brokers/topics/my-topic/partitions (org.apache.zookeeper.server.PrepRequestProcessor)
[2017-07-10 15:43:24,255] INFO [ReplicaFetcherManager on broker 0] Removed fetcher for partitions my-topic-0 (kafka.server.ReplicaFetcherManager)
[2017-07-10 15:43:24,275] INFO Loading producer state from offset 0 for partition my-topic-0 with message format version 2 (kafka.log.Log)
[2017-07-10 15:43:24,281] INFO Completed load of log my-topic-0 with 1 log segments, log start offset 0 and log end offset 0 in 8 ms (kafka.log.Log)
[2017-07-10 15:43:24,288] INFO Created log for partition [my-topic,0] in /tmp/kafka-logs with properties {compression.type -> producer, message.format.version -> 0.11.0-IV2, file.delete.delay.ms -> 60000, max.message.bytes -> 1000012, min.compaction.lag.ms -> 0, message.timestamp.type -> CreateTime, min.insync.replicas -> 1, segment.jitter.ms -> 0, preallocate -> false, min.cleanable.dirty.ratio -> 0.5, index.interval.bytes -> 4096, unclean.leader.election.enable -> false, retention.bytes -> -1, delete.retention.ms -> 86400000, cleanup.policy -> [delete], flush.ms -> 9223372036854775807, segment.ms -> 604800000, segment.bytes -> 1073741824, retention.ms -> 604800000, message.timestamp.difference.max.ms -> 9223372036854775807, segment.index.bytes -> 10485760, flush.messages -> 9223372036854775807}. (kafka.log.LogManager)
[2017-07-10 15:43:24,291] INFO Partition [my-topic,0] on broker 0: No checkpointed highwatermark is found for partition my-topic-0 (kafka.cluster.Partition)
[2017-07-10 15:43:24,292] INFO Partition [my-topic,0] on broker 0: my-topic-0 starts at Leader Epoch 0 from offset 0. Previous Leader Epoch was: -1 (kafka.cluster.Partition)
spark@spark:~/kafka$ 
spark@spark:~/kafka$ python
Python 3.6.1 |Anaconda custom (64-bit)| (default, May 11 2017, 13:09:58) 
[GCC 4.4.7 20120313 (Red Hat 4.4.7-1)] on linux
Type "help", "copyright", "credits" or "license" for more information.
>>> from kafka import KafkaProducer
>>> import time
>>> producer = KafkaProducer(bootstrap_servers='localhost:9092', value_serializer=lambda v: json.dumps(v).encode('utf-8'))
>>> producer.send(topic = 'my-topic', value = 'MESSAGE ACKNOWLEDGED')
<kafka.producer.future.FutureRecordMetadata object at 0x7ff3366957f0>
>>> producer.close()
>>> exit()
spark@spark:~/kafka$
spark@spark:~/kafka$ ~/kafka/bin/kafka-console-consumer.sh --bootstrap-server localhost:9092 --topic my-topic --from-beginning
[2017-07-10 15:48:12,443] INFO [GroupCoordinator 0]: Preparing to rebalance group console-consumer-20928 with old generation 0 (__consumer_offsets-2) (kafka.coordinator.group.GroupCoordinator)
[2017-07-10 15:48:12,459] INFO [GroupCoordinator 0]: Stabilized group console-consumer-20928 generation 1 (__consumer_offsets-2) (kafka.coordinator.group.GroupCoordinator)
[2017-07-10 15:48:12,480] INFO [GroupCoordinator 0]: Assignment received from leader for group console-consumer-20928 for generation 1 (kafka.coordinator.group.GroupCoordinator)
[2017-07-10 15:48:12,517] INFO Updated PartitionLeaderEpoch. New: {epoch:5, offset:0}, Current: {epoch:-1, offset-1} for Partition: __consumer_offsets-2. Cache now contains 0 entries. (kafka.server.epoch.LeaderEpochFileCache)
^C[2017-07-10 15:48:22,180] INFO [GroupCoordinator 0]: Preparing to rebalance group console-consumer-20928 with old generation 1 (__consumer_offsets-2) (kafka.coordinator.group.GroupCoordinator)
[2017-07-10 15:48:22,181] INFO [GroupCoordinator 0]: Group console-consumer-20928 with generation 2 is now empty (__consumer_offsets-2) (kafka.coordinator.group.GroupCoordinator)
Processed a total of 0 messages
spark@spark:~/kafka$ 
spark@spark:~/kafka$ kafkacat -C -b 'localhost:9092' -o beginning -e -D '\n' -t 'my-topic'
% Reached end of topic my-topic [0] at offset 0: exiting
spark@spark:~/kafka$ 

